The system is: Linux - 4.4.0-31-generic - x86_64
Compiling the C compiler identification source file "CMakeCCompilerId.c" succeeded.
Compiler: /home/alex/anaconda2/bin/mpicc 
Build flags: 
Id flags: 

The output was:
0


Compilation of the C compiler identification source "CMakeCCompilerId.c" produced "a.out"

The C compiler identification is GNU, found in "/home/alex/Desktop/phd/axisem3d_alex/AxiSEM3D/build/CMakeFiles/3.5.1/CompilerIdC/a.out"

Compiling the CXX compiler identification source file "CMakeCXXCompilerId.cpp" succeeded.
Compiler: /home/alex/anaconda2/bin/mpicxx 
Build flags: 
Id flags: 

The output was:
0


Compilation of the CXX compiler identification source "CMakeCXXCompilerId.cpp" produced "a.out"

The CXX compiler identification is GNU, found in "/home/alex/Desktop/phd/axisem3d_alex/AxiSEM3D/build/CMakeFiles/3.5.1/CompilerIdCXX/a.out"

Determining if the C compiler works passed with the following output:
Change Dir: /home/alex/Desktop/phd/axisem3d_alex/AxiSEM3D/build/CMakeFiles/CMakeTmp

Run Build Command:"/usr/bin/make" "cmTC_aaba4/fast"
/usr/bin/make -f CMakeFiles/cmTC_aaba4.dir/build.make CMakeFiles/cmTC_aaba4.dir/build
make[1]: Entering directory '/home/alex/Desktop/phd/axisem3d_alex/AxiSEM3D/build/CMakeFiles/CMakeTmp'
Building C object CMakeFiles/cmTC_aaba4.dir/testCCompiler.c.o
/home/alex/anaconda2/bin/mpicc     -o CMakeFiles/cmTC_aaba4.dir/testCCompiler.c.o   -c /home/alex/Desktop/phd/axisem3d_alex/AxiSEM3D/build/CMakeFiles/CMakeTmp/testCCompiler.c
Linking C executable cmTC_aaba4
/usr/bin/cmake -E cmake_link_script CMakeFiles/cmTC_aaba4.dir/link.txt --verbose=1
/home/alex/anaconda2/bin/mpicc       CMakeFiles/cmTC_aaba4.dir/testCCompiler.c.o  -o cmTC_aaba4 -rdynamic 
make[1]: Leaving directory '/home/alex/Desktop/phd/axisem3d_alex/AxiSEM3D/build/CMakeFiles/CMakeTmp'


Detecting C compiler ABI info compiled with the following output:
Change Dir: /home/alex/Desktop/phd/axisem3d_alex/AxiSEM3D/build/CMakeFiles/CMakeTmp

Run Build Command:"/usr/bin/make" "cmTC_6df52/fast"
/usr/bin/make -f CMakeFiles/cmTC_6df52.dir/build.make CMakeFiles/cmTC_6df52.dir/build
make[1]: Entering directory '/home/alex/Desktop/phd/axisem3d_alex/AxiSEM3D/build/CMakeFiles/CMakeTmp'
Building C object CMakeFiles/cmTC_6df52.dir/CMakeCCompilerABI.c.o
/home/alex/anaconda2/bin/mpicc     -o CMakeFiles/cmTC_6df52.dir/CMakeCCompilerABI.c.o   -c /usr/share/cmake-3.5/Modules/CMakeCCompilerABI.c
Linking C executable cmTC_6df52
/usr/bin/cmake -E cmake_link_script CMakeFiles/cmTC_6df52.dir/link.txt --verbose=1
/home/alex/anaconda2/bin/mpicc      -v CMakeFiles/cmTC_6df52.dir/CMakeCCompilerABI.c.o  -o cmTC_6df52 -rdynamic  
Reading specs from /home/alex/anaconda2/bin/../lib/gcc/x86_64-unknown-linux-gnu/4.8.5/specs
COLLECT_GCC=/home/alex/anaconda2/bin/gcc
COLLECT_LTO_WRAPPER=/home/alex/anaconda2/bin/../libexec/gcc/x86_64-unknown-linux-gnu/4.8.5/lto-wrapper
Target: x86_64-unknown-linux-gnu
Configured with: ./configure --prefix=/home/ray/mc-x64-2.7/conda-bld/gcc_1479223211463/_b_env_placehold_placehold_placehold_placehold_placehold_placehold_placehold_placehold_placehold_placehold_placehold_placehold_placehold_placehold_placehold_placehold_placehold_placehold_placehold_placehold --with-gxx-include-dir=/home/ray/mc-x64-2.7/conda-bld/gcc_1479223211463/_b_env_placehold_placehold_placehold_placehold_placehold_placehold_placehold_placehold_placehold_placehold_placehold_placehold_placehold_placehold_placehold_placehold_placehold_placehold_placehold_placehold/gcc/include/c++ --bindir=/home/ray/mc-x64-2.7/conda-bld/gcc_1479223211463/_b_env_placehold_placehold_placehold_placehold_placehold_placehold_placehold_placehold_placehold_placehold_placehold_placehold_placehold_placehold_placehold_placehold_placehold_placehold_placehold_placehold/bin --datarootdir=/home/ray/mc-x64-2.7/conda-bld/gcc_1479223211463/_b_env_placehold_placehold_placehold_placehold_placehold_placehold_placehold_placehold_placehold_placehold_placehold_placehold_placehold_placehold_placehold_placehold_placehold_placehold_placehold_placehold/share --libdir=/home/ray/mc-x64-2.7/conda-bld/gcc_1479223211463/_b_env_placehold_placehold_placehold_placehold_placehold_placehold_placehold_placehold_placehold_placehold_placehold_placehold_placehold_placehold_placehold_placehold_placehold_placehold_placehold_placehold/lib --with-gmp=/home/ray/mc-x64-2.7/conda-bld/gcc_1479223211463/_b_env_placehold_placehold_placehold_placehold_placehold_placehold_placehold_placehold_placehold_placehold_placehold_placehold_placehold_placehold_placehold_placehold_placehold_placehold_placehold_placehold --with-mpfr=/home/ray/mc-x64-2.7/conda-bld/gcc_1479223211463/_b_env_placehold_placehold_placehold_placehold_placehold_placehold_placehold_placehold_placehold_placehold_placehold_placehold_placehold_placehold_placehold_placehold_placehold_placehold_placehold_placehold --with-mpc=/home/ray/mc-x64-2.7/conda-bld/gcc_1479223211463/_b_env_placehold_placehold_placehold_placehold_placehold_placehold_placehold_placehold_placehold_placehold_placehold_placehold_placehold_placehold_placehold_placehold_placehold_placehold_placehold_placehold --with-isl=/home/ray/mc-x64-2.7/conda-bld/gcc_1479223211463/_b_env_placehold_placehold_placehold_placehold_placehold_placehold_placehold_placehold_placehold_placehold_placehold_placehold_placehold_placehold_placehold_placehold_placehold_placehold_placehold_placehold --with-cloog=/home/ray/mc-x64-2.7/conda-bld/gcc_1479223211463/_b_env_placehold_placehold_placehold_placehold_placehold_placehold_placehold_placehold_placehold_placehold_placehold_placehold_placehold_placehold_placehold_placehold_placehold_placehold_placehold_placehold --enable-checking=release --with-tune=generic --disable-multilib
Thread model: posix
gcc version 4.8.5 (GCC) 
COMPILER_PATH=/home/alex/anaconda2/bin/../libexec/gcc/x86_64-unknown-linux-gnu/4.8.5/:/home/alex/anaconda2/bin/../libexec/gcc/
LIBRARY_PATH=/home/alex/anaconda2/bin/../lib/gcc/x86_64-unknown-linux-gnu/4.8.5/:/home/alex/anaconda2/bin/../lib/gcc/:/home/alex/anaconda2/bin/../lib/gcc/x86_64-unknown-linux-gnu/4.8.5/../../../../lib/:/lib/../lib/:/usr/lib/../lib/:/home/alex/anaconda2/bin/../lib/gcc/x86_64-unknown-linux-gnu/4.8.5/../../../:/lib/:/usr/lib/
COLLECT_GCC_OPTIONS='-v' '-o' 'cmTC_6df52' '-rdynamic' '-I' '/home/alex/anaconda2/include' '-pthread' '-L/home/alex/anaconda2/lib' '-mtune=generic' '-march=x86-64'
 /home/alex/anaconda2/bin/../libexec/gcc/x86_64-unknown-linux-gnu/4.8.5/collect2 --eh-frame-hdr -m elf_x86_64 -export-dynamic -dynamic-linker /lib64/ld-linux-x86-64.so.2 -o cmTC_6df52 /home/alex/anaconda2/bin/../lib/gcc/x86_64-unknown-linux-gnu/4.8.5/crt1.o /home/alex/anaconda2/bin/../lib/gcc/x86_64-unknown-linux-gnu/4.8.5/crti.o /home/alex/anaconda2/bin/../lib/gcc/x86_64-unknown-linux-gnu/4.8.5/crtbegin.o -L/home/alex/anaconda2/lib -L/home/alex/anaconda2/bin/../lib/gcc/x86_64-unknown-linux-gnu/4.8.5 -L/home/alex/anaconda2/bin/../lib/gcc -L/home/alex/anaconda2/bin/../lib/gcc/x86_64-unknown-linux-gnu/4.8.5/../../../../lib -L/lib/../lib -L/usr/lib/../lib -L/home/alex/anaconda2/bin/../lib/gcc/x86_64-unknown-linux-gnu/4.8.5/../../.. CMakeFiles/cmTC_6df52.dir/CMakeCCompilerABI.c.o -rpath /home/alex/anaconda2/lib --enable-new-dtags -lmpi -lgcc --as-needed -lgcc_s --no-as-needed -lpthread -lc -lgcc --as-needed -lgcc_s --no-as-needed /home/alex/anaconda2/bin/../lib/gcc/x86_64-unknown-linux-gnu/4.8.5/crtend.o /home/alex/anaconda2/bin/../lib/gcc/x86_64-unknown-linux-gnu/4.8.5/crtn.o
make[1]: Leaving directory '/home/alex/Desktop/phd/axisem3d_alex/AxiSEM3D/build/CMakeFiles/CMakeTmp'


Parsed C implicit link information from above output:
  link line regex: [^( *|.*[/\])(ld|([^/\]+-)?ld|collect2)[^/\]*( |$)]
  ignore line: [Change Dir: /home/alex/Desktop/phd/axisem3d_alex/AxiSEM3D/build/CMakeFiles/CMakeTmp]
  ignore line: []
  ignore line: [Run Build Command:"/usr/bin/make" "cmTC_6df52/fast"]
  ignore line: [/usr/bin/make -f CMakeFiles/cmTC_6df52.dir/build.make CMakeFiles/cmTC_6df52.dir/build]
  ignore line: [make[1]: Entering directory '/home/alex/Desktop/phd/axisem3d_alex/AxiSEM3D/build/CMakeFiles/CMakeTmp']
  ignore line: [Building C object CMakeFiles/cmTC_6df52.dir/CMakeCCompilerABI.c.o]
  ignore line: [/home/alex/anaconda2/bin/mpicc     -o CMakeFiles/cmTC_6df52.dir/CMakeCCompilerABI.c.o   -c /usr/share/cmake-3.5/Modules/CMakeCCompilerABI.c]
  ignore line: [Linking C executable cmTC_6df52]
  ignore line: [/usr/bin/cmake -E cmake_link_script CMakeFiles/cmTC_6df52.dir/link.txt --verbose=1]
  ignore line: [/home/alex/anaconda2/bin/mpicc      -v CMakeFiles/cmTC_6df52.dir/CMakeCCompilerABI.c.o  -o cmTC_6df52 -rdynamic  ]
  ignore line: [Reading specs from /home/alex/anaconda2/bin/../lib/gcc/x86_64-unknown-linux-gnu/4.8.5/specs]
  ignore line: [COLLECT_GCC=/home/alex/anaconda2/bin/gcc]
  ignore line: [COLLECT_LTO_WRAPPER=/home/alex/anaconda2/bin/../libexec/gcc/x86_64-unknown-linux-gnu/4.8.5/lto-wrapper]
  ignore line: [Target: x86_64-unknown-linux-gnu]
  ignore line: [Configured with: ./configure --prefix=/home/ray/mc-x64-2.7/conda-bld/gcc_1479223211463/_b_env_placehold_placehold_placehold_placehold_placehold_placehold_placehold_placehold_placehold_placehold_placehold_placehold_placehold_placehold_placehold_placehold_placehold_placehold_placehold_placehold --with-gxx-include-dir=/home/ray/mc-x64-2.7/conda-bld/gcc_1479223211463/_b_env_placehold_placehold_placehold_placehold_placehold_placehold_placehold_placehold_placehold_placehold_placehold_placehold_placehold_placehold_placehold_placehold_placehold_placehold_placehold_placehold/gcc/include/c++ --bindir=/home/ray/mc-x64-2.7/conda-bld/gcc_1479223211463/_b_env_placehold_placehold_placehold_placehold_placehold_placehold_placehold_placehold_placehold_placehold_placehold_placehold_placehold_placehold_placehold_placehold_placehold_placehold_placehold_placehold/bin --datarootdir=/home/ray/mc-x64-2.7/conda-bld/gcc_1479223211463/_b_env_placehold_placehold_placehold_placehold_placehold_placehold_placehold_placehold_placehold_placehold_placehold_placehold_placehold_placehold_placehold_placehold_placehold_placehold_placehold_placehold/share --libdir=/home/ray/mc-x64-2.7/conda-bld/gcc_1479223211463/_b_env_placehold_placehold_placehold_placehold_placehold_placehold_placehold_placehold_placehold_placehold_placehold_placehold_placehold_placehold_placehold_placehold_placehold_placehold_placehold_placehold/lib --with-gmp=/home/ray/mc-x64-2.7/conda-bld/gcc_1479223211463/_b_env_placehold_placehold_placehold_placehold_placehold_placehold_placehold_placehold_placehold_placehold_placehold_placehold_placehold_placehold_placehold_placehold_placehold_placehold_placehold_placehold --with-mpfr=/home/ray/mc-x64-2.7/conda-bld/gcc_1479223211463/_b_env_placehold_placehold_placehold_placehold_placehold_placehold_placehold_placehold_placehold_placehold_placehold_placehold_placehold_placehold_placehold_placehold_placehold_placehold_placehold_placehold --with-mpc=/home/ray/mc-x64-2.7/conda-bld/gcc_1479223211463/_b_env_placehold_placehold_placehold_placehold_placehold_placehold_placehold_placehold_placehold_placehold_placehold_placehold_placehold_placehold_placehold_placehold_placehold_placehold_placehold_placehold --with-isl=/home/ray/mc-x64-2.7/conda-bld/gcc_1479223211463/_b_env_placehold_placehold_placehold_placehold_placehold_placehold_placehold_placehold_placehold_placehold_placehold_placehold_placehold_placehold_placehold_placehold_placehold_placehold_placehold_placehold --with-cloog=/home/ray/mc-x64-2.7/conda-bld/gcc_1479223211463/_b_env_placehold_placehold_placehold_placehold_placehold_placehold_placehold_placehold_placehold_placehold_placehold_placehold_placehold_placehold_placehold_placehold_placehold_placehold_placehold_placehold --enable-checking=release --with-tune=generic --disable-multilib]
  ignore line: [Thread model: posix]
  ignore line: [gcc version 4.8.5 (GCC) ]
  ignore line: [COMPILER_PATH=/home/alex/anaconda2/bin/../libexec/gcc/x86_64-unknown-linux-gnu/4.8.5/:/home/alex/anaconda2/bin/../libexec/gcc/]
  ignore line: [LIBRARY_PATH=/home/alex/anaconda2/bin/../lib/gcc/x86_64-unknown-linux-gnu/4.8.5/:/home/alex/anaconda2/bin/../lib/gcc/:/home/alex/anaconda2/bin/../lib/gcc/x86_64-unknown-linux-gnu/4.8.5/../../../../lib/:/lib/../lib/:/usr/lib/../lib/:/home/alex/anaconda2/bin/../lib/gcc/x86_64-unknown-linux-gnu/4.8.5/../../../:/lib/:/usr/lib/]
  ignore line: [COLLECT_GCC_OPTIONS='-v' '-o' 'cmTC_6df52' '-rdynamic' '-I' '/home/alex/anaconda2/include' '-pthread' '-L/home/alex/anaconda2/lib' '-mtune=generic' '-march=x86-64']
  link line: [ /home/alex/anaconda2/bin/../libexec/gcc/x86_64-unknown-linux-gnu/4.8.5/collect2 --eh-frame-hdr -m elf_x86_64 -export-dynamic -dynamic-linker /lib64/ld-linux-x86-64.so.2 -o cmTC_6df52 /home/alex/anaconda2/bin/../lib/gcc/x86_64-unknown-linux-gnu/4.8.5/crt1.o /home/alex/anaconda2/bin/../lib/gcc/x86_64-unknown-linux-gnu/4.8.5/crti.o /home/alex/anaconda2/bin/../lib/gcc/x86_64-unknown-linux-gnu/4.8.5/crtbegin.o -L/home/alex/anaconda2/lib -L/home/alex/anaconda2/bin/../lib/gcc/x86_64-unknown-linux-gnu/4.8.5 -L/home/alex/anaconda2/bin/../lib/gcc -L/home/alex/anaconda2/bin/../lib/gcc/x86_64-unknown-linux-gnu/4.8.5/../../../../lib -L/lib/../lib -L/usr/lib/../lib -L/home/alex/anaconda2/bin/../lib/gcc/x86_64-unknown-linux-gnu/4.8.5/../../.. CMakeFiles/cmTC_6df52.dir/CMakeCCompilerABI.c.o -rpath /home/alex/anaconda2/lib --enable-new-dtags -lmpi -lgcc --as-needed -lgcc_s --no-as-needed -lpthread -lc -lgcc --as-needed -lgcc_s --no-as-needed /home/alex/anaconda2/bin/../lib/gcc/x86_64-unknown-linux-gnu/4.8.5/crtend.o /home/alex/anaconda2/bin/../lib/gcc/x86_64-unknown-linux-gnu/4.8.5/crtn.o]
    arg [/home/alex/anaconda2/bin/../libexec/gcc/x86_64-unknown-linux-gnu/4.8.5/collect2] ==> ignore
    arg [--eh-frame-hdr] ==> ignore
    arg [-m] ==> ignore
    arg [elf_x86_64] ==> ignore
    arg [-export-dynamic] ==> ignore
    arg [-dynamic-linker] ==> ignore
    arg [/lib64/ld-linux-x86-64.so.2] ==> ignore
    arg [-o] ==> ignore
    arg [cmTC_6df52] ==> ignore
    arg [/home/alex/anaconda2/bin/../lib/gcc/x86_64-unknown-linux-gnu/4.8.5/crt1.o] ==> ignore
    arg [/home/alex/anaconda2/bin/../lib/gcc/x86_64-unknown-linux-gnu/4.8.5/crti.o] ==> ignore
    arg [/home/alex/anaconda2/bin/../lib/gcc/x86_64-unknown-linux-gnu/4.8.5/crtbegin.o] ==> ignore
    arg [-L/home/alex/anaconda2/lib] ==> dir [/home/alex/anaconda2/lib]
    arg [-L/home/alex/anaconda2/bin/../lib/gcc/x86_64-unknown-linux-gnu/4.8.5] ==> dir [/home/alex/anaconda2/bin/../lib/gcc/x86_64-unknown-linux-gnu/4.8.5]
    arg [-L/home/alex/anaconda2/bin/../lib/gcc] ==> dir [/home/alex/anaconda2/bin/../lib/gcc]
    arg [-L/home/alex/anaconda2/bin/../lib/gcc/x86_64-unknown-linux-gnu/4.8.5/../../../../lib] ==> dir [/home/alex/anaconda2/bin/../lib/gcc/x86_64-unknown-linux-gnu/4.8.5/../../../../lib]
    arg [-L/lib/../lib] ==> dir [/lib/../lib]
    arg [-L/usr/lib/../lib] ==> dir [/usr/lib/../lib]
    arg [-L/home/alex/anaconda2/bin/../lib/gcc/x86_64-unknown-linux-gnu/4.8.5/../../..] ==> dir [/home/alex/anaconda2/bin/../lib/gcc/x86_64-unknown-linux-gnu/4.8.5/../../..]
    arg [CMakeFiles/cmTC_6df52.dir/CMakeCCompilerABI.c.o] ==> ignore
    arg [-rpath] ==> ignore
    arg [/home/alex/anaconda2/lib] ==> ignore
    arg [--enable-new-dtags] ==> ignore
    arg [-lmpi] ==> lib [mpi]
    arg [-lgcc] ==> lib [gcc]
    arg [--as-needed] ==> ignore
    arg [-lgcc_s] ==> lib [gcc_s]
    arg [--no-as-needed] ==> ignore
    arg [-lpthread] ==> lib [pthread]
    arg [-lc] ==> lib [c]
    arg [-lgcc] ==> lib [gcc]
    arg [--as-needed] ==> ignore
    arg [-lgcc_s] ==> lib [gcc_s]
    arg [--no-as-needed] ==> ignore
    arg [/home/alex/anaconda2/bin/../lib/gcc/x86_64-unknown-linux-gnu/4.8.5/crtend.o] ==> ignore
    arg [/home/alex/anaconda2/bin/../lib/gcc/x86_64-unknown-linux-gnu/4.8.5/crtn.o] ==> ignore
  remove lib [gcc]
  remove lib [gcc_s]
  remove lib [gcc]
  remove lib [gcc_s]
  collapse library dir [/home/alex/anaconda2/lib] ==> [/home/alex/anaconda2/lib]
  collapse library dir [/home/alex/anaconda2/bin/../lib/gcc/x86_64-unknown-linux-gnu/4.8.5] ==> [/home/alex/anaconda2/lib/gcc/x86_64-unknown-linux-gnu/4.8.5]
  collapse library dir [/home/alex/anaconda2/bin/../lib/gcc] ==> [/home/alex/anaconda2/lib/gcc]
  collapse library dir [/home/alex/anaconda2/bin/../lib/gcc/x86_64-unknown-linux-gnu/4.8.5/../../../../lib] ==> [/home/alex/anaconda2/lib]
  collapse library dir [/lib/../lib] ==> [/lib]
  collapse library dir [/usr/lib/../lib] ==> [/usr/lib]
  collapse library dir [/home/alex/anaconda2/bin/../lib/gcc/x86_64-unknown-linux-gnu/4.8.5/../../..] ==> [/home/alex/anaconda2/lib]
  implicit libs: [mpi;pthread;c]
  implicit dirs: [/home/alex/anaconda2/lib;/home/alex/anaconda2/lib/gcc/x86_64-unknown-linux-gnu/4.8.5;/home/alex/anaconda2/lib/gcc;/lib;/usr/lib]
  implicit fwks: []




Detecting C [-std=c11] compiler features compiled with the following output:
Change Dir: /home/alex/Desktop/phd/axisem3d_alex/AxiSEM3D/build/CMakeFiles/CMakeTmp

Run Build Command:"/usr/bin/make" "cmTC_49c00/fast"
/usr/bin/make -f CMakeFiles/cmTC_49c00.dir/build.make CMakeFiles/cmTC_49c00.dir/build
make[1]: Entering directory '/home/alex/Desktop/phd/axisem3d_alex/AxiSEM3D/build/CMakeFiles/CMakeTmp'
Building C object CMakeFiles/cmTC_49c00.dir/feature_tests.c.o
/home/alex/anaconda2/bin/mpicc    -std=c11 -o CMakeFiles/cmTC_49c00.dir/feature_tests.c.o   -c /home/alex/Desktop/phd/axisem3d_alex/AxiSEM3D/build/CMakeFiles/feature_tests.c
Linking C executable cmTC_49c00
/usr/bin/cmake -E cmake_link_script CMakeFiles/cmTC_49c00.dir/link.txt --verbose=1
/home/alex/anaconda2/bin/mpicc       CMakeFiles/cmTC_49c00.dir/feature_tests.c.o  -o cmTC_49c00 -rdynamic 
make[1]: Leaving directory '/home/alex/Desktop/phd/axisem3d_alex/AxiSEM3D/build/CMakeFiles/CMakeTmp'


    Feature record: C_FEATURE:1c_function_prototypes
    Feature record: C_FEATURE:1c_restrict
    Feature record: C_FEATURE:1c_static_assert
    Feature record: C_FEATURE:1c_variadic_macros


Detecting C [-std=c99] compiler features compiled with the following output:
Change Dir: /home/alex/Desktop/phd/axisem3d_alex/AxiSEM3D/build/CMakeFiles/CMakeTmp

Run Build Command:"/usr/bin/make" "cmTC_845d6/fast"
/usr/bin/make -f CMakeFiles/cmTC_845d6.dir/build.make CMakeFiles/cmTC_845d6.dir/build
make[1]: Entering directory '/home/alex/Desktop/phd/axisem3d_alex/AxiSEM3D/build/CMakeFiles/CMakeTmp'
Building C object CMakeFiles/cmTC_845d6.dir/feature_tests.c.o
/home/alex/anaconda2/bin/mpicc    -std=c99 -o CMakeFiles/cmTC_845d6.dir/feature_tests.c.o   -c /home/alex/Desktop/phd/axisem3d_alex/AxiSEM3D/build/CMakeFiles/feature_tests.c
Linking C executable cmTC_845d6
/usr/bin/cmake -E cmake_link_script CMakeFiles/cmTC_845d6.dir/link.txt --verbose=1
/home/alex/anaconda2/bin/mpicc       CMakeFiles/cmTC_845d6.dir/feature_tests.c.o  -o cmTC_845d6 -rdynamic 
make[1]: Leaving directory '/home/alex/Desktop/phd/axisem3d_alex/AxiSEM3D/build/CMakeFiles/CMakeTmp'


    Feature record: C_FEATURE:1c_function_prototypes
    Feature record: C_FEATURE:1c_restrict
    Feature record: C_FEATURE:0c_static_assert
    Feature record: C_FEATURE:1c_variadic_macros


Detecting C [-std=c90] compiler features compiled with the following output:
Change Dir: /home/alex/Desktop/phd/axisem3d_alex/AxiSEM3D/build/CMakeFiles/CMakeTmp

Run Build Command:"/usr/bin/make" "cmTC_c56af/fast"
/usr/bin/make -f CMakeFiles/cmTC_c56af.dir/build.make CMakeFiles/cmTC_c56af.dir/build
make[1]: Entering directory '/home/alex/Desktop/phd/axisem3d_alex/AxiSEM3D/build/CMakeFiles/CMakeTmp'
Building C object CMakeFiles/cmTC_c56af.dir/feature_tests.c.o
/home/alex/anaconda2/bin/mpicc    -std=c90 -o CMakeFiles/cmTC_c56af.dir/feature_tests.c.o   -c /home/alex/Desktop/phd/axisem3d_alex/AxiSEM3D/build/CMakeFiles/feature_tests.c
Linking C executable cmTC_c56af
/usr/bin/cmake -E cmake_link_script CMakeFiles/cmTC_c56af.dir/link.txt --verbose=1
/home/alex/anaconda2/bin/mpicc       CMakeFiles/cmTC_c56af.dir/feature_tests.c.o  -o cmTC_c56af -rdynamic 
make[1]: Leaving directory '/home/alex/Desktop/phd/axisem3d_alex/AxiSEM3D/build/CMakeFiles/CMakeTmp'


    Feature record: C_FEATURE:1c_function_prototypes
    Feature record: C_FEATURE:0c_restrict
    Feature record: C_FEATURE:0c_static_assert
    Feature record: C_FEATURE:0c_variadic_macros
Determining if the CXX compiler works passed with the following output:
Change Dir: /home/alex/Desktop/phd/axisem3d_alex/AxiSEM3D/build/CMakeFiles/CMakeTmp

Run Build Command:"/usr/bin/make" "cmTC_e17e7/fast"
/usr/bin/make -f CMakeFiles/cmTC_e17e7.dir/build.make CMakeFiles/cmTC_e17e7.dir/build
make[1]: Entering directory '/home/alex/Desktop/phd/axisem3d_alex/AxiSEM3D/build/CMakeFiles/CMakeTmp'
Building CXX object CMakeFiles/cmTC_e17e7.dir/testCXXCompiler.cxx.o
/home/alex/anaconda2/bin/mpicxx      -o CMakeFiles/cmTC_e17e7.dir/testCXXCompiler.cxx.o -c /home/alex/Desktop/phd/axisem3d_alex/AxiSEM3D/build/CMakeFiles/CMakeTmp/testCXXCompiler.cxx
Linking CXX executable cmTC_e17e7
/usr/bin/cmake -E cmake_link_script CMakeFiles/cmTC_e17e7.dir/link.txt --verbose=1
/home/alex/anaconda2/bin/mpicxx        CMakeFiles/cmTC_e17e7.dir/testCXXCompiler.cxx.o  -o cmTC_e17e7 -rdynamic 
make[1]: Leaving directory '/home/alex/Desktop/phd/axisem3d_alex/AxiSEM3D/build/CMakeFiles/CMakeTmp'


Detecting CXX compiler ABI info compiled with the following output:
Change Dir: /home/alex/Desktop/phd/axisem3d_alex/AxiSEM3D/build/CMakeFiles/CMakeTmp

Run Build Command:"/usr/bin/make" "cmTC_15e43/fast"
/usr/bin/make -f CMakeFiles/cmTC_15e43.dir/build.make CMakeFiles/cmTC_15e43.dir/build
make[1]: Entering directory '/home/alex/Desktop/phd/axisem3d_alex/AxiSEM3D/build/CMakeFiles/CMakeTmp'
Building CXX object CMakeFiles/cmTC_15e43.dir/CMakeCXXCompilerABI.cpp.o
/home/alex/anaconda2/bin/mpicxx      -o CMakeFiles/cmTC_15e43.dir/CMakeCXXCompilerABI.cpp.o -c /usr/share/cmake-3.5/Modules/CMakeCXXCompilerABI.cpp
Linking CXX executable cmTC_15e43
/usr/bin/cmake -E cmake_link_script CMakeFiles/cmTC_15e43.dir/link.txt --verbose=1
/home/alex/anaconda2/bin/mpicxx       -v CMakeFiles/cmTC_15e43.dir/CMakeCXXCompilerABI.cpp.o  -o cmTC_15e43 -rdynamic  
Reading specs from /home/alex/anaconda2/bin/../lib/gcc/x86_64-unknown-linux-gnu/4.8.5/specs
COLLECT_GCC=/home/alex/anaconda2/bin/g++
COLLECT_LTO_WRAPPER=/home/alex/anaconda2/bin/../libexec/gcc/x86_64-unknown-linux-gnu/4.8.5/lto-wrapper
Target: x86_64-unknown-linux-gnu
Configured with: ./configure --prefix=/home/ray/mc-x64-2.7/conda-bld/gcc_1479223211463/_b_env_placehold_placehold_placehold_placehold_placehold_placehold_placehold_placehold_placehold_placehold_placehold_placehold_placehold_placehold_placehold_placehold_placehold_placehold_placehold_placehold --with-gxx-include-dir=/home/ray/mc-x64-2.7/conda-bld/gcc_1479223211463/_b_env_placehold_placehold_placehold_placehold_placehold_placehold_placehold_placehold_placehold_placehold_placehold_placehold_placehold_placehold_placehold_placehold_placehold_placehold_placehold_placehold/gcc/include/c++ --bindir=/home/ray/mc-x64-2.7/conda-bld/gcc_1479223211463/_b_env_placehold_placehold_placehold_placehold_placehold_placehold_placehold_placehold_placehold_placehold_placehold_placehold_placehold_placehold_placehold_placehold_placehold_placehold_placehold_placehold/bin --datarootdir=/home/ray/mc-x64-2.7/conda-bld/gcc_1479223211463/_b_env_placehold_placehold_placehold_placehold_placehold_placehold_placehold_placehold_placehold_placehold_placehold_placehold_placehold_placehold_placehold_placehold_placehold_placehold_placehold_placehold/share --libdir=/home/ray/mc-x64-2.7/conda-bld/gcc_1479223211463/_b_env_placehold_placehold_placehold_placehold_placehold_placehold_placehold_placehold_placehold_placehold_placehold_placehold_placehold_placehold_placehold_placehold_placehold_placehold_placehold_placehold/lib --with-gmp=/home/ray/mc-x64-2.7/conda-bld/gcc_1479223211463/_b_env_placehold_placehold_placehold_placehold_placehold_placehold_placehold_placehold_placehold_placehold_placehold_placehold_placehold_placehold_placehold_placehold_placehold_placehold_placehold_placehold --with-mpfr=/home/ray/mc-x64-2.7/conda-bld/gcc_1479223211463/_b_env_placehold_placehold_placehold_placehold_placehold_placehold_placehold_placehold_placehold_placehold_placehold_placehold_placehold_placehold_placehold_placehold_placehold_placehold_placehold_placehold --with-mpc=/home/ray/mc-x64-2.7/conda-bld/gcc_1479223211463/_b_env_placehold_placehold_placehold_placehold_placehold_placehold_placehold_placehold_placehold_placehold_placehold_placehold_placehold_placehold_placehold_placehold_placehold_placehold_placehold_placehold --with-isl=/home/ray/mc-x64-2.7/conda-bld/gcc_1479223211463/_b_env_placehold_placehold_placehold_placehold_placehold_placehold_placehold_placehold_placehold_placehold_placehold_placehold_placehold_placehold_placehold_placehold_placehold_placehold_placehold_placehold --with-cloog=/home/ray/mc-x64-2.7/conda-bld/gcc_1479223211463/_b_env_placehold_placehold_placehold_placehold_placehold_placehold_placehold_placehold_placehold_placehold_placehold_placehold_placehold_placehold_placehold_placehold_placehold_placehold_placehold_placehold --enable-checking=release --with-tune=generic --disable-multilib
Thread model: posix
gcc version 4.8.5 (GCC) 
COMPILER_PATH=/home/alex/anaconda2/bin/../libexec/gcc/x86_64-unknown-linux-gnu/4.8.5/:/home/alex/anaconda2/bin/../libexec/gcc/
LIBRARY_PATH=/home/alex/anaconda2/bin/../lib/gcc/x86_64-unknown-linux-gnu/4.8.5/:/home/alex/anaconda2/bin/../lib/gcc/:/home/alex/anaconda2/bin/../lib/gcc/x86_64-unknown-linux-gnu/4.8.5/../../../../lib/:/lib/../lib/:/usr/lib/../lib/:/home/alex/anaconda2/bin/../lib/gcc/x86_64-unknown-linux-gnu/4.8.5/../../../:/lib/:/usr/lib/
COLLECT_GCC_OPTIONS='-v' '-o' 'cmTC_15e43' '-rdynamic' '-I' '/home/alex/anaconda2/include' '-pthread' '-L/home/alex/anaconda2/lib' '-shared-libgcc' '-mtune=generic' '-march=x86-64'
 /home/alex/anaconda2/bin/../libexec/gcc/x86_64-unknown-linux-gnu/4.8.5/collect2 --eh-frame-hdr -m elf_x86_64 -export-dynamic -dynamic-linker /lib64/ld-linux-x86-64.so.2 -o cmTC_15e43 /home/alex/anaconda2/bin/../lib/gcc/x86_64-unknown-linux-gnu/4.8.5/crt1.o /home/alex/anaconda2/bin/../lib/gcc/x86_64-unknown-linux-gnu/4.8.5/crti.o /home/alex/anaconda2/bin/../lib/gcc/x86_64-unknown-linux-gnu/4.8.5/crtbegin.o -L/home/alex/anaconda2/lib -L/home/alex/anaconda2/bin/../lib/gcc/x86_64-unknown-linux-gnu/4.8.5 -L/home/alex/anaconda2/bin/../lib/gcc -L/home/alex/anaconda2/bin/../lib/gcc/x86_64-unknown-linux-gnu/4.8.5/../../../../lib -L/lib/../lib -L/usr/lib/../lib -L/home/alex/anaconda2/bin/../lib/gcc/x86_64-unknown-linux-gnu/4.8.5/../../.. CMakeFiles/cmTC_15e43.dir/CMakeCXXCompilerABI.cpp.o -rpath /home/alex/anaconda2/lib --enable-new-dtags -lmpi_cxx -lmpi -lstdc++ -lm -lgcc_s -lgcc -lpthread -lc -lgcc_s -lgcc /home/alex/anaconda2/bin/../lib/gcc/x86_64-unknown-linux-gnu/4.8.5/crtend.o /home/alex/anaconda2/bin/../lib/gcc/x86_64-unknown-linux-gnu/4.8.5/crtn.o
make[1]: Leaving directory '/home/alex/Desktop/phd/axisem3d_alex/AxiSEM3D/build/CMakeFiles/CMakeTmp'


Parsed CXX implicit link information from above output:
  link line regex: [^( *|.*[/\])(ld|([^/\]+-)?ld|collect2)[^/\]*( |$)]
  ignore line: [Change Dir: /home/alex/Desktop/phd/axisem3d_alex/AxiSEM3D/build/CMakeFiles/CMakeTmp]
  ignore line: []
  ignore line: [Run Build Command:"/usr/bin/make" "cmTC_15e43/fast"]
  ignore line: [/usr/bin/make -f CMakeFiles/cmTC_15e43.dir/build.make CMakeFiles/cmTC_15e43.dir/build]
  ignore line: [make[1]: Entering directory '/home/alex/Desktop/phd/axisem3d_alex/AxiSEM3D/build/CMakeFiles/CMakeTmp']
  ignore line: [Building CXX object CMakeFiles/cmTC_15e43.dir/CMakeCXXCompilerABI.cpp.o]
  ignore line: [/home/alex/anaconda2/bin/mpicxx      -o CMakeFiles/cmTC_15e43.dir/CMakeCXXCompilerABI.cpp.o -c /usr/share/cmake-3.5/Modules/CMakeCXXCompilerABI.cpp]
  ignore line: [Linking CXX executable cmTC_15e43]
  ignore line: [/usr/bin/cmake -E cmake_link_script CMakeFiles/cmTC_15e43.dir/link.txt --verbose=1]
  ignore line: [/home/alex/anaconda2/bin/mpicxx       -v CMakeFiles/cmTC_15e43.dir/CMakeCXXCompilerABI.cpp.o  -o cmTC_15e43 -rdynamic  ]
  ignore line: [Reading specs from /home/alex/anaconda2/bin/../lib/gcc/x86_64-unknown-linux-gnu/4.8.5/specs]
  ignore line: [COLLECT_GCC=/home/alex/anaconda2/bin/g++]
  ignore line: [COLLECT_LTO_WRAPPER=/home/alex/anaconda2/bin/../libexec/gcc/x86_64-unknown-linux-gnu/4.8.5/lto-wrapper]
  ignore line: [Target: x86_64-unknown-linux-gnu]
  ignore line: [Configured with: ./configure --prefix=/home/ray/mc-x64-2.7/conda-bld/gcc_1479223211463/_b_env_placehold_placehold_placehold_placehold_placehold_placehold_placehold_placehold_placehold_placehold_placehold_placehold_placehold_placehold_placehold_placehold_placehold_placehold_placehold_placehold --with-gxx-include-dir=/home/ray/mc-x64-2.7/conda-bld/gcc_1479223211463/_b_env_placehold_placehold_placehold_placehold_placehold_placehold_placehold_placehold_placehold_placehold_placehold_placehold_placehold_placehold_placehold_placehold_placehold_placehold_placehold_placehold/gcc/include/c++ --bindir=/home/ray/mc-x64-2.7/conda-bld/gcc_1479223211463/_b_env_placehold_placehold_placehold_placehold_placehold_placehold_placehold_placehold_placehold_placehold_placehold_placehold_placehold_placehold_placehold_placehold_placehold_placehold_placehold_placehold/bin --datarootdir=/home/ray/mc-x64-2.7/conda-bld/gcc_1479223211463/_b_env_placehold_placehold_placehold_placehold_placehold_placehold_placehold_placehold_placehold_placehold_placehold_placehold_placehold_placehold_placehold_placehold_placehold_placehold_placehold_placehold/share --libdir=/home/ray/mc-x64-2.7/conda-bld/gcc_1479223211463/_b_env_placehold_placehold_placehold_placehold_placehold_placehold_placehold_placehold_placehold_placehold_placehold_placehold_placehold_placehold_placehold_placehold_placehold_placehold_placehold_placehold/lib --with-gmp=/home/ray/mc-x64-2.7/conda-bld/gcc_1479223211463/_b_env_placehold_placehold_placehold_placehold_placehold_placehold_placehold_placehold_placehold_placehold_placehold_placehold_placehold_placehold_placehold_placehold_placehold_placehold_placehold_placehold --with-mpfr=/home/ray/mc-x64-2.7/conda-bld/gcc_1479223211463/_b_env_placehold_placehold_placehold_placehold_placehold_placehold_placehold_placehold_placehold_placehold_placehold_placehold_placehold_placehold_placehold_placehold_placehold_placehold_placehold_placehold --with-mpc=/home/ray/mc-x64-2.7/conda-bld/gcc_1479223211463/_b_env_placehold_placehold_placehold_placehold_placehold_placehold_placehold_placehold_placehold_placehold_placehold_placehold_placehold_placehold_placehold_placehold_placehold_placehold_placehold_placehold --with-isl=/home/ray/mc-x64-2.7/conda-bld/gcc_1479223211463/_b_env_placehold_placehold_placehold_placehold_placehold_placehold_placehold_placehold_placehold_placehold_placehold_placehold_placehold_placehold_placehold_placehold_placehold_placehold_placehold_placehold --with-cloog=/home/ray/mc-x64-2.7/conda-bld/gcc_1479223211463/_b_env_placehold_placehold_placehold_placehold_placehold_placehold_placehold_placehold_placehold_placehold_placehold_placehold_placehold_placehold_placehold_placehold_placehold_placehold_placehold_placehold --enable-checking=release --with-tune=generic --disable-multilib]
  ignore line: [Thread model: posix]
  ignore line: [gcc version 4.8.5 (GCC) ]
  ignore line: [COMPILER_PATH=/home/alex/anaconda2/bin/../libexec/gcc/x86_64-unknown-linux-gnu/4.8.5/:/home/alex/anaconda2/bin/../libexec/gcc/]
  ignore line: [LIBRARY_PATH=/home/alex/anaconda2/bin/../lib/gcc/x86_64-unknown-linux-gnu/4.8.5/:/home/alex/anaconda2/bin/../lib/gcc/:/home/alex/anaconda2/bin/../lib/gcc/x86_64-unknown-linux-gnu/4.8.5/../../../../lib/:/lib/../lib/:/usr/lib/../lib/:/home/alex/anaconda2/bin/../lib/gcc/x86_64-unknown-linux-gnu/4.8.5/../../../:/lib/:/usr/lib/]
  ignore line: [COLLECT_GCC_OPTIONS='-v' '-o' 'cmTC_15e43' '-rdynamic' '-I' '/home/alex/anaconda2/include' '-pthread' '-L/home/alex/anaconda2/lib' '-shared-libgcc' '-mtune=generic' '-march=x86-64']
  link line: [ /home/alex/anaconda2/bin/../libexec/gcc/x86_64-unknown-linux-gnu/4.8.5/collect2 --eh-frame-hdr -m elf_x86_64 -export-dynamic -dynamic-linker /lib64/ld-linux-x86-64.so.2 -o cmTC_15e43 /home/alex/anaconda2/bin/../lib/gcc/x86_64-unknown-linux-gnu/4.8.5/crt1.o /home/alex/anaconda2/bin/../lib/gcc/x86_64-unknown-linux-gnu/4.8.5/crti.o /home/alex/anaconda2/bin/../lib/gcc/x86_64-unknown-linux-gnu/4.8.5/crtbegin.o -L/home/alex/anaconda2/lib -L/home/alex/anaconda2/bin/../lib/gcc/x86_64-unknown-linux-gnu/4.8.5 -L/home/alex/anaconda2/bin/../lib/gcc -L/home/alex/anaconda2/bin/../lib/gcc/x86_64-unknown-linux-gnu/4.8.5/../../../../lib -L/lib/../lib -L/usr/lib/../lib -L/home/alex/anaconda2/bin/../lib/gcc/x86_64-unknown-linux-gnu/4.8.5/../../.. CMakeFiles/cmTC_15e43.dir/CMakeCXXCompilerABI.cpp.o -rpath /home/alex/anaconda2/lib --enable-new-dtags -lmpi_cxx -lmpi -lstdc++ -lm -lgcc_s -lgcc -lpthread -lc -lgcc_s -lgcc /home/alex/anaconda2/bin/../lib/gcc/x86_64-unknown-linux-gnu/4.8.5/crtend.o /home/alex/anaconda2/bin/../lib/gcc/x86_64-unknown-linux-gnu/4.8.5/crtn.o]
    arg [/home/alex/anaconda2/bin/../libexec/gcc/x86_64-unknown-linux-gnu/4.8.5/collect2] ==> ignore
    arg [--eh-frame-hdr] ==> ignore
    arg [-m] ==> ignore
    arg [elf_x86_64] ==> ignore
    arg [-export-dynamic] ==> ignore
    arg [-dynamic-linker] ==> ignore
    arg [/lib64/ld-linux-x86-64.so.2] ==> ignore
    arg [-o] ==> ignore
    arg [cmTC_15e43] ==> ignore
    arg [/home/alex/anaconda2/bin/../lib/gcc/x86_64-unknown-linux-gnu/4.8.5/crt1.o] ==> ignore
    arg [/home/alex/anaconda2/bin/../lib/gcc/x86_64-unknown-linux-gnu/4.8.5/crti.o] ==> ignore
    arg [/home/alex/anaconda2/bin/../lib/gcc/x86_64-unknown-linux-gnu/4.8.5/crtbegin.o] ==> ignore
    arg [-L/home/alex/anaconda2/lib] ==> dir [/home/alex/anaconda2/lib]
    arg [-L/home/alex/anaconda2/bin/../lib/gcc/x86_64-unknown-linux-gnu/4.8.5] ==> dir [/home/alex/anaconda2/bin/../lib/gcc/x86_64-unknown-linux-gnu/4.8.5]
    arg [-L/home/alex/anaconda2/bin/../lib/gcc] ==> dir [/home/alex/anaconda2/bin/../lib/gcc]
    arg [-L/home/alex/anaconda2/bin/../lib/gcc/x86_64-unknown-linux-gnu/4.8.5/../../../../lib] ==> dir [/home/alex/anaconda2/bin/../lib/gcc/x86_64-unknown-linux-gnu/4.8.5/../../../../lib]
    arg [-L/lib/../lib] ==> dir [/lib/../lib]
    arg [-L/usr/lib/../lib] ==> dir [/usr/lib/../lib]
    arg [-L/home/alex/anaconda2/bin/../lib/gcc/x86_64-unknown-linux-gnu/4.8.5/../../..] ==> dir [/home/alex/anaconda2/bin/../lib/gcc/x86_64-unknown-linux-gnu/4.8.5/../../..]
    arg [CMakeFiles/cmTC_15e43.dir/CMakeCXXCompilerABI.cpp.o] ==> ignore
    arg [-rpath] ==> ignore
    arg [/home/alex/anaconda2/lib] ==> ignore
    arg [--enable-new-dtags] ==> ignore
    arg [-lmpi_cxx] ==> lib [mpi_cxx]
    arg [-lmpi] ==> lib [mpi]
    arg [-lstdc++] ==> lib [stdc++]
    arg [-lm] ==> lib [m]
    arg [-lgcc_s] ==> lib [gcc_s]
    arg [-lgcc] ==> lib [gcc]
    arg [-lpthread] ==> lib [pthread]
    arg [-lc] ==> lib [c]
    arg [-lgcc_s] ==> lib [gcc_s]
    arg [-lgcc] ==> lib [gcc]
    arg [/home/alex/anaconda2/bin/../lib/gcc/x86_64-unknown-linux-gnu/4.8.5/crtend.o] ==> ignore
    arg [/home/alex/anaconda2/bin/../lib/gcc/x86_64-unknown-linux-gnu/4.8.5/crtn.o] ==> ignore
  remove lib [gcc_s]
  remove lib [gcc]
  remove lib [gcc_s]
  remove lib [gcc]
  collapse library dir [/home/alex/anaconda2/lib] ==> [/home/alex/anaconda2/lib]
  collapse library dir [/home/alex/anaconda2/bin/../lib/gcc/x86_64-unknown-linux-gnu/4.8.5] ==> [/home/alex/anaconda2/lib/gcc/x86_64-unknown-linux-gnu/4.8.5]
  collapse library dir [/home/alex/anaconda2/bin/../lib/gcc] ==> [/home/alex/anaconda2/lib/gcc]
  collapse library dir [/home/alex/anaconda2/bin/../lib/gcc/x86_64-unknown-linux-gnu/4.8.5/../../../../lib] ==> [/home/alex/anaconda2/lib]
  collapse library dir [/lib/../lib] ==> [/lib]
  collapse library dir [/usr/lib/../lib] ==> [/usr/lib]
  collapse library dir [/home/alex/anaconda2/bin/../lib/gcc/x86_64-unknown-linux-gnu/4.8.5/../../..] ==> [/home/alex/anaconda2/lib]
  implicit libs: [mpi_cxx;mpi;stdc++;m;pthread;c]
  implicit dirs: [/home/alex/anaconda2/lib;/home/alex/anaconda2/lib/gcc/x86_64-unknown-linux-gnu/4.8.5;/home/alex/anaconda2/lib/gcc;/lib;/usr/lib]
  implicit fwks: []




Detecting CXX [-std=c++1y] compiler features compiled with the following output:
Change Dir: /home/alex/Desktop/phd/axisem3d_alex/AxiSEM3D/build/CMakeFiles/CMakeTmp

Run Build Command:"/usr/bin/make" "cmTC_2e275/fast"
/usr/bin/make -f CMakeFiles/cmTC_2e275.dir/build.make CMakeFiles/cmTC_2e275.dir/build
make[1]: Entering directory '/home/alex/Desktop/phd/axisem3d_alex/AxiSEM3D/build/CMakeFiles/CMakeTmp'
Building CXX object CMakeFiles/cmTC_2e275.dir/feature_tests.cxx.o
/home/alex/anaconda2/bin/mpicxx     -std=c++1y -o CMakeFiles/cmTC_2e275.dir/feature_tests.cxx.o -c /home/alex/Desktop/phd/axisem3d_alex/AxiSEM3D/build/CMakeFiles/feature_tests.cxx
Linking CXX executable cmTC_2e275
/usr/bin/cmake -E cmake_link_script CMakeFiles/cmTC_2e275.dir/link.txt --verbose=1
/home/alex/anaconda2/bin/mpicxx        CMakeFiles/cmTC_2e275.dir/feature_tests.cxx.o  -o cmTC_2e275 -rdynamic 
make[1]: Leaving directory '/home/alex/Desktop/phd/axisem3d_alex/AxiSEM3D/build/CMakeFiles/CMakeTmp'


    Feature record: CXX_FEATURE:0cxx_aggregate_default_initializers
    Feature record: CXX_FEATURE:1cxx_alias_templates
    Feature record: CXX_FEATURE:1cxx_alignas
    Feature record: CXX_FEATURE:1cxx_alignof
    Feature record: CXX_FEATURE:1cxx_attributes
    Feature record: CXX_FEATURE:0cxx_attribute_deprecated
    Feature record: CXX_FEATURE:1cxx_auto_type
    Feature record: CXX_FEATURE:0cxx_binary_literals
    Feature record: CXX_FEATURE:1cxx_constexpr
    Feature record: CXX_FEATURE:0cxx_contextual_conversions
    Feature record: CXX_FEATURE:1cxx_decltype
    Feature record: CXX_FEATURE:0cxx_decltype_auto
    Feature record: CXX_FEATURE:1cxx_decltype_incomplete_return_types
    Feature record: CXX_FEATURE:1cxx_default_function_template_args
    Feature record: CXX_FEATURE:1cxx_defaulted_functions
    Feature record: CXX_FEATURE:1cxx_defaulted_move_initializers
    Feature record: CXX_FEATURE:1cxx_delegating_constructors
    Feature record: CXX_FEATURE:1cxx_deleted_functions
    Feature record: CXX_FEATURE:0cxx_digit_separators
    Feature record: CXX_FEATURE:1cxx_enum_forward_declarations
    Feature record: CXX_FEATURE:1cxx_explicit_conversions
    Feature record: CXX_FEATURE:1cxx_extended_friend_declarations
    Feature record: CXX_FEATURE:1cxx_extern_templates
    Feature record: CXX_FEATURE:1cxx_final
    Feature record: CXX_FEATURE:1cxx_func_identifier
    Feature record: CXX_FEATURE:1cxx_generalized_initializers
    Feature record: CXX_FEATURE:0cxx_generic_lambdas
    Feature record: CXX_FEATURE:1cxx_inheriting_constructors
    Feature record: CXX_FEATURE:1cxx_inline_namespaces
    Feature record: CXX_FEATURE:1cxx_lambdas
    Feature record: CXX_FEATURE:0cxx_lambda_init_captures
    Feature record: CXX_FEATURE:1cxx_local_type_template_args
    Feature record: CXX_FEATURE:1cxx_long_long_type
    Feature record: CXX_FEATURE:1cxx_noexcept
    Feature record: CXX_FEATURE:1cxx_nonstatic_member_init
    Feature record: CXX_FEATURE:1cxx_nullptr
    Feature record: CXX_FEATURE:1cxx_override
    Feature record: CXX_FEATURE:1cxx_range_for
    Feature record: CXX_FEATURE:1cxx_raw_string_literals
    Feature record: CXX_FEATURE:1cxx_reference_qualified_functions
    Feature record: CXX_FEATURE:0cxx_relaxed_constexpr
    Feature record: CXX_FEATURE:0cxx_return_type_deduction
    Feature record: CXX_FEATURE:1cxx_right_angle_brackets
    Feature record: CXX_FEATURE:1cxx_rvalue_references
    Feature record: CXX_FEATURE:1cxx_sizeof_member
    Feature record: CXX_FEATURE:1cxx_static_assert
    Feature record: CXX_FEATURE:1cxx_strong_enums
    Feature record: CXX_FEATURE:1cxx_template_template_parameters
    Feature record: CXX_FEATURE:1cxx_thread_local
    Feature record: CXX_FEATURE:1cxx_trailing_return_types
    Feature record: CXX_FEATURE:1cxx_unicode_literals
    Feature record: CXX_FEATURE:1cxx_uniform_initialization
    Feature record: CXX_FEATURE:1cxx_unrestricted_unions
    Feature record: CXX_FEATURE:1cxx_user_literals
    Feature record: CXX_FEATURE:0cxx_variable_templates
    Feature record: CXX_FEATURE:1cxx_variadic_macros
    Feature record: CXX_FEATURE:1cxx_variadic_templates


Detecting CXX [-std=c++11] compiler features compiled with the following output:
Change Dir: /home/alex/Desktop/phd/axisem3d_alex/AxiSEM3D/build/CMakeFiles/CMakeTmp

Run Build Command:"/usr/bin/make" "cmTC_b378f/fast"
/usr/bin/make -f CMakeFiles/cmTC_b378f.dir/build.make CMakeFiles/cmTC_b378f.dir/build
make[1]: Entering directory '/home/alex/Desktop/phd/axisem3d_alex/AxiSEM3D/build/CMakeFiles/CMakeTmp'
Building CXX object CMakeFiles/cmTC_b378f.dir/feature_tests.cxx.o
/home/alex/anaconda2/bin/mpicxx     -std=c++11 -o CMakeFiles/cmTC_b378f.dir/feature_tests.cxx.o -c /home/alex/Desktop/phd/axisem3d_alex/AxiSEM3D/build/CMakeFiles/feature_tests.cxx
Linking CXX executable cmTC_b378f
/usr/bin/cmake -E cmake_link_script CMakeFiles/cmTC_b378f.dir/link.txt --verbose=1
/home/alex/anaconda2/bin/mpicxx        CMakeFiles/cmTC_b378f.dir/feature_tests.cxx.o  -o cmTC_b378f -rdynamic 
make[1]: Leaving directory '/home/alex/Desktop/phd/axisem3d_alex/AxiSEM3D/build/CMakeFiles/CMakeTmp'


    Feature record: CXX_FEATURE:0cxx_aggregate_default_initializers
    Feature record: CXX_FEATURE:1cxx_alias_templates
    Feature record: CXX_FEATURE:1cxx_alignas
    Feature record: CXX_FEATURE:1cxx_alignof
    Feature record: CXX_FEATURE:1cxx_attributes
    Feature record: CXX_FEATURE:0cxx_attribute_deprecated
    Feature record: CXX_FEATURE:1cxx_auto_type
    Feature record: CXX_FEATURE:0cxx_binary_literals
    Feature record: CXX_FEATURE:1cxx_constexpr
    Feature record: CXX_FEATURE:0cxx_contextual_conversions
    Feature record: CXX_FEATURE:1cxx_decltype
    Feature record: CXX_FEATURE:0cxx_decltype_auto
    Feature record: CXX_FEATURE:1cxx_decltype_incomplete_return_types
    Feature record: CXX_FEATURE:1cxx_default_function_template_args
    Feature record: CXX_FEATURE:1cxx_defaulted_functions
    Feature record: CXX_FEATURE:1cxx_defaulted_move_initializers
    Feature record: CXX_FEATURE:1cxx_delegating_constructors
    Feature record: CXX_FEATURE:1cxx_deleted_functions
    Feature record: CXX_FEATURE:0cxx_digit_separators
    Feature record: CXX_FEATURE:1cxx_enum_forward_declarations
    Feature record: CXX_FEATURE:1cxx_explicit_conversions
    Feature record: CXX_FEATURE:1cxx_extended_friend_declarations
    Feature record: CXX_FEATURE:1cxx_extern_templates
    Feature record: CXX_FEATURE:1cxx_final
    Feature record: CXX_FEATURE:1cxx_func_identifier
    Feature record: CXX_FEATURE:1cxx_generalized_initializers
    Feature record: CXX_FEATURE:0cxx_generic_lambdas
    Feature record: CXX_FEATURE:1cxx_inheriting_constructors
    Feature record: CXX_FEATURE:1cxx_inline_namespaces
    Feature record: CXX_FEATURE:1cxx_lambdas
    Feature record: CXX_FEATURE:0cxx_lambda_init_captures
    Feature record: CXX_FEATURE:1cxx_local_type_template_args
    Feature record: CXX_FEATURE:1cxx_long_long_type
    Feature record: CXX_FEATURE:1cxx_noexcept
    Feature record: CXX_FEATURE:1cxx_nonstatic_member_init
    Feature record: CXX_FEATURE:1cxx_nullptr
    Feature record: CXX_FEATURE:1cxx_override
    Feature record: CXX_FEATURE:1cxx_range_for
    Feature record: CXX_FEATURE:1cxx_raw_string_literals
    Feature record: CXX_FEATURE:1cxx_reference_qualified_functions
    Feature record: CXX_FEATURE:0cxx_relaxed_constexpr
    Feature record: CXX_FEATURE:0cxx_return_type_deduction
    Feature record: CXX_FEATURE:1cxx_right_angle_brackets
    Feature record: CXX_FEATURE:1cxx_rvalue_references
    Feature record: CXX_FEATURE:1cxx_sizeof_member
    Feature record: CXX_FEATURE:1cxx_static_assert
    Feature record: CXX_FEATURE:1cxx_strong_enums
    Feature record: CXX_FEATURE:1cxx_template_template_parameters
    Feature record: CXX_FEATURE:1cxx_thread_local
    Feature record: CXX_FEATURE:1cxx_trailing_return_types
    Feature record: CXX_FEATURE:1cxx_unicode_literals
    Feature record: CXX_FEATURE:1cxx_uniform_initialization
    Feature record: CXX_FEATURE:1cxx_unrestricted_unions
    Feature record: CXX_FEATURE:1cxx_user_literals
    Feature record: CXX_FEATURE:0cxx_variable_templates
    Feature record: CXX_FEATURE:1cxx_variadic_macros
    Feature record: CXX_FEATURE:1cxx_variadic_templates


Detecting CXX [-std=c++98] compiler features compiled with the following output:
Change Dir: /home/alex/Desktop/phd/axisem3d_alex/AxiSEM3D/build/CMakeFiles/CMakeTmp

Run Build Command:"/usr/bin/make" "cmTC_2960c/fast"
/usr/bin/make -f CMakeFiles/cmTC_2960c.dir/build.make CMakeFiles/cmTC_2960c.dir/build
make[1]: Entering directory '/home/alex/Desktop/phd/axisem3d_alex/AxiSEM3D/build/CMakeFiles/CMakeTmp'
Building CXX object CMakeFiles/cmTC_2960c.dir/feature_tests.cxx.o
/home/alex/anaconda2/bin/mpicxx     -std=c++98 -o CMakeFiles/cmTC_2960c.dir/feature_tests.cxx.o -c /home/alex/Desktop/phd/axisem3d_alex/AxiSEM3D/build/CMakeFiles/feature_tests.cxx
Linking CXX executable cmTC_2960c
/usr/bin/cmake -E cmake_link_script CMakeFiles/cmTC_2960c.dir/link.txt --verbose=1
/home/alex/anaconda2/bin/mpicxx        CMakeFiles/cmTC_2960c.dir/feature_tests.cxx.o  -o cmTC_2960c -rdynamic 
make[1]: Leaving directory '/home/alex/Desktop/phd/axisem3d_alex/AxiSEM3D/build/CMakeFiles/CMakeTmp'


    Feature record: CXX_FEATURE:0cxx_aggregate_default_initializers
    Feature record: CXX_FEATURE:0cxx_alias_templates
    Feature record: CXX_FEATURE:0cxx_alignas
    Feature record: CXX_FEATURE:0cxx_alignof
    Feature record: CXX_FEATURE:0cxx_attributes
    Feature record: CXX_FEATURE:0cxx_attribute_deprecated
    Feature record: CXX_FEATURE:0cxx_auto_type
    Feature record: CXX_FEATURE:0cxx_binary_literals
    Feature record: CXX_FEATURE:0cxx_constexpr
    Feature record: CXX_FEATURE:0cxx_contextual_conversions
    Feature record: CXX_FEATURE:0cxx_decltype
    Feature record: CXX_FEATURE:0cxx_decltype_auto
    Feature record: CXX_FEATURE:0cxx_decltype_incomplete_return_types
    Feature record: CXX_FEATURE:0cxx_default_function_template_args
    Feature record: CXX_FEATURE:0cxx_defaulted_functions
    Feature record: CXX_FEATURE:0cxx_defaulted_move_initializers
    Feature record: CXX_FEATURE:0cxx_delegating_constructors
    Feature record: CXX_FEATURE:0cxx_deleted_functions
    Feature record: CXX_FEATURE:0cxx_digit_separators
    Feature record: CXX_FEATURE:0cxx_enum_forward_declarations
    Feature record: CXX_FEATURE:0cxx_explicit_conversions
    Feature record: CXX_FEATURE:0cxx_extended_friend_declarations
    Feature record: CXX_FEATURE:0cxx_extern_templates
    Feature record: CXX_FEATURE:0cxx_final
    Feature record: CXX_FEATURE:0cxx_func_identifier
    Feature record: CXX_FEATURE:0cxx_generalized_initializers
    Feature record: CXX_FEATURE:0cxx_generic_lambdas
    Feature record: CXX_FEATURE:0cxx_inheriting_constructors
    Feature record: CXX_FEATURE:0cxx_inline_namespaces
    Feature record: CXX_FEATURE:0cxx_lambdas
    Feature record: CXX_FEATURE:0cxx_lambda_init_captures
    Feature record: CXX_FEATURE:0cxx_local_type_template_args
    Feature record: CXX_FEATURE:0cxx_long_long_type
    Feature record: CXX_FEATURE:0cxx_noexcept
    Feature record: CXX_FEATURE:0cxx_nonstatic_member_init
    Feature record: CXX_FEATURE:0cxx_nullptr
    Feature record: CXX_FEATURE:0cxx_override
    Feature record: CXX_FEATURE:0cxx_range_for
    Feature record: CXX_FEATURE:0cxx_raw_string_literals
    Feature record: CXX_FEATURE:0cxx_reference_qualified_functions
    Feature record: CXX_FEATURE:0cxx_relaxed_constexpr
    Feature record: CXX_FEATURE:0cxx_return_type_deduction
    Feature record: CXX_FEATURE:0cxx_right_angle_brackets
    Feature record: CXX_FEATURE:0cxx_rvalue_references
    Feature record: CXX_FEATURE:0cxx_sizeof_member
    Feature record: CXX_FEATURE:0cxx_static_assert
    Feature record: CXX_FEATURE:0cxx_strong_enums
    Feature record: CXX_FEATURE:1cxx_template_template_parameters
    Feature record: CXX_FEATURE:0cxx_thread_local
    Feature record: CXX_FEATURE:0cxx_trailing_return_types
    Feature record: CXX_FEATURE:0cxx_unicode_literals
    Feature record: CXX_FEATURE:0cxx_uniform_initialization
    Feature record: CXX_FEATURE:0cxx_unrestricted_unions
    Feature record: CXX_FEATURE:0cxx_user_literals
    Feature record: CXX_FEATURE:0cxx_variable_templates
    Feature record: CXX_FEATURE:0cxx_variadic_macros
    Feature record: CXX_FEATURE:0cxx_variadic_templates
Compiling the Fortran compiler identification source file "CMakeFortranCompilerId.F" succeeded.
Compiler: /home/alex/anaconda2/bin/mpif90 
Build flags: 
Id flags: -v

The output was:
0
Driving: /home/alex/anaconda2/bin/gfortran -v CMakeFortranCompilerId.F -I/home/alex/anaconda2/include -pthread -I/home/alex/anaconda2/lib -Wl,-rpath -Wl,/home/alex/anaconda2/lib -Wl,--enable-new-dtags -L/home/alex/anaconda2/lib -lmpi_usempi -lmpi_mpifh -lmpi -l gfortran -l m -shared-libgcc -specs=/home/alex/anaconda2/lib/libgfortran.spec
Reading specs from /home/alex/anaconda2/bin/../lib/gcc/x86_64-unknown-linux-gnu/4.8.5/specs
Reading specs from /home/alex/anaconda2/lib/libgfortran.spec
rename spec lib to liborig
COLLECT_GCC=/home/alex/anaconda2/bin/gfortran
COLLECT_LTO_WRAPPER=/home/alex/anaconda2/bin/../libexec/gcc/x86_64-unknown-linux-gnu/4.8.5/lto-wrapper
Target: x86_64-unknown-linux-gnu
Configured with: ./configure --prefix=/home/ray/mc-x64-2.7/conda-bld/gcc_1479223211463/_b_env_placehold_placehold_placehold_placehold_placehold_placehold_placehold_placehold_placehold_placehold_placehold_placehold_placehold_placehold_placehold_placehold_placehold_placehold_placehold_placehold --with-gxx-include-dir=/home/ray/mc-x64-2.7/conda-bld/gcc_1479223211463/_b_env_placehold_placehold_placehold_placehold_placehold_placehold_placehold_placehold_placehold_placehold_placehold_placehold_placehold_placehold_placehold_placehold_placehold_placehold_placehold_placehold/gcc/include/c++ --bindir=/home/ray/mc-x64-2.7/conda-bld/gcc_1479223211463/_b_env_placehold_placehold_placehold_placehold_placehold_placehold_placehold_placehold_placehold_placehold_placehold_placehold_placehold_placehold_placehold_placehold_placehold_placehold_placehold_placehold/bin --datarootdir=/home/ray/mc-x64-2.7/conda-bld/gcc_1479223211463/_b_env_placehold_placehold_placehold_placehold_placehold_placehold_placehold_placehold_placehold_placehold_placehold_placehold_placehold_placehold_placehold_placehold_placehold_placehold_placehold_placehold/share --libdir=/home/ray/mc-x64-2.7/conda-bld/gcc_1479223211463/_b_env_placehold_placehold_placehold_placehold_placehold_placehold_placehold_placehold_placehold_placehold_placehold_placehold_placehold_placehold_placehold_placehold_placehold_placehold_placehold_placehold/lib --with-gmp=/home/ray/mc-x64-2.7/conda-bld/gcc_1479223211463/_b_env_placehold_placehold_placehold_placehold_placehold_placehold_placehold_placehold_placehold_placehold_placehold_placehold_placehold_placehold_placehold_placehold_placehold_placehold_placehold_placehold --with-mpfr=/home/ray/mc-x64-2.7/conda-bld/gcc_1479223211463/_b_env_placehold_placehold_placehold_placehold_placehold_placehold_placehold_placehold_placehold_placehold_placehold_placehold_placehold_placehold_placehold_placehold_placehold_placehold_placehold_placehold --with-mpc=/home/ray/mc-x64-2.7/conda-bld/gcc_1479223211463/_b_env_placehold_placehold_placehold_placehold_placehold_placehold_placehold_placehold_placehold_placehold_placehold_placehold_placehold_placehold_placehold_placehold_placehold_placehold_placehold_placehold --with-isl=/home/ray/mc-x64-2.7/conda-bld/gcc_1479223211463/_b_env_placehold_placehold_placehold_placehold_placehold_placehold_placehold_placehold_placehold_placehold_placehold_placehold_placehold_placehold_placehold_placehold_placehold_placehold_placehold_placehold --with-cloog=/home/ray/mc-x64-2.7/conda-bld/gcc_1479223211463/_b_env_placehold_placehold_placehold_placehold_placehold_placehold_placehold_placehold_placehold_placehold_placehold_placehold_placehold_placehold_placehold_placehold_placehold_placehold_placehold_placehold --enable-checking=release --with-tune=generic --disable-multilib
Thread model: posix
gcc version 4.8.5 (GCC) 
COLLECT_GCC_OPTIONS='-v' '-I' '/home/alex/anaconda2/include' '-pthread' '-I' '/home/alex/anaconda2/lib' '-L/home/alex/anaconda2/lib' '-shared-libgcc' '-specs=/home/alex/anaconda2/lib/libgfortran.spec' '-mtune=generic' '-march=x86-64'
 /home/alex/anaconda2/bin/../libexec/gcc/x86_64-unknown-linux-gnu/4.8.5/f951 CMakeFortranCompilerId.F -ffixed-form -cpp=/tmp/ccn59kyN.f90 -quiet -v -I /home/alex/anaconda2/include -I /home/alex/anaconda2/lib -iprefix /home/alex/anaconda2/bin/../lib/gcc/x86_64-unknown-linux-gnu/4.8.5/ -D_REENTRANT -isystem /usr/include/x86_64-linux-gnu -isystem /usr/include/i686-linux-gnu -isystem /usr/include/i386-linux-gnu CMakeFortranCompilerId.F -quiet -dumpbase CMakeFortranCompilerId.F -mtune=generic -march=x86-64 -auxbase CMakeFortranCompilerId -version -fintrinsic-modules-path /home/alex/anaconda2/bin/../lib/gcc/x86_64-unknown-linux-gnu/4.8.5/finclude -o /tmp/cceTvMVq.s
GNU Fortran (GCC) version 4.8.5 (x86_64-unknown-linux-gnu)
	compiled by GNU C version 4.8.5, GMP version 6.1.0, MPFR version 3.1.5, MPC version 1.0.3
warning: GMP header version 6.1.0 differs from library version 6.1.2.
GGC heuristics: --param ggc-min-expand=100 --param ggc-min-heapsize=131072
ignoring nonexistent directory "/home/alex/anaconda2/bin/../lib/gcc/x86_64-unknown-linux-gnu/4.8.5/../../../../x86_64-unknown-linux-gnu/include"
ignoring duplicate directory "/home/alex/anaconda2/bin/../lib/gcc/../../lib/gcc/x86_64-unknown-linux-gnu/4.8.5/include"
ignoring duplicate directory "/home/alex/anaconda2/bin/../lib/gcc/../../lib/gcc/x86_64-unknown-linux-gnu/4.8.5/include-fixed"
ignoring nonexistent directory "/home/alex/anaconda2/bin/../lib/gcc/../../lib/gcc/x86_64-unknown-linux-gnu/4.8.5/../../../../x86_64-unknown-linux-gnu/include"
ignoring duplicate directory "/home/alex/anaconda2/include"
  as it is a non-system directory that duplicates a system directory
ignoring nonexistent directory "/usr/include/i686-linux-gnu"
ignoring nonexistent directory "/usr/include/i386-linux-gnu"
#include "..." search starts here:
#include <...> search starts here:
 /home/alex/anaconda2/lib
 /usr/include/x86_64-linux-gnu
 /home/alex/anaconda2/bin/../lib/gcc/x86_64-unknown-linux-gnu/4.8.5/finclude
 /home/alex/anaconda2/bin/../lib/gcc/x86_64-unknown-linux-gnu/4.8.5/include
 /home/alex/anaconda2/bin/../lib/gcc/x86_64-unknown-linux-gnu/4.8.5/include-fixed
 /home/alex/anaconda2/bin/../lib/gcc/../../include
 /usr/include
End of search list.
GNU Fortran (GCC) version 4.8.5 (x86_64-unknown-linux-gnu)
	compiled by GNU C version 4.8.5, GMP version 6.1.0, MPFR version 3.1.5, MPC version 1.0.3
warning: GMP header version 6.1.0 differs from library version 6.1.2.
GGC heuristics: --param ggc-min-expand=100 --param ggc-min-heapsize=131072
COLLECT_GCC_OPTIONS='-v' '-I' '/home/alex/anaconda2/include' '-pthread' '-I' '/home/alex/anaconda2/lib' '-L/home/alex/anaconda2/lib' '-shared-libgcc' '-specs=/home/alex/anaconda2/lib/libgfortran.spec' '-mtune=generic' '-march=x86-64'
 as -v -I /home/alex/anaconda2/include -I /home/alex/anaconda2/lib --64 -o /tmp/ccjabEY5.o /tmp/cceTvMVq.s
GNU assembler version 2.26.1 (x86_64-linux-gnu) using BFD version (GNU Binutils for Ubuntu) 2.26.1
COMPILER_PATH=/home/alex/anaconda2/bin/../libexec/gcc/x86_64-unknown-linux-gnu/4.8.5/:/home/alex/anaconda2/bin/../libexec/gcc/
LIBRARY_PATH=/home/alex/anaconda2/bin/../lib/gcc/x86_64-unknown-linux-gnu/4.8.5/:/home/alex/anaconda2/bin/../lib/gcc/:/home/alex/anaconda2/bin/../lib/gcc/x86_64-unknown-linux-gnu/4.8.5/../../../../lib/:/lib/../lib/:/usr/lib/../lib/:/home/alex/anaconda2/bin/../lib/gcc/x86_64-unknown-linux-gnu/4.8.5/../../../:/lib/:/usr/lib/
COLLECT_GCC_OPTIONS='-v' '-I' '/home/alex/anaconda2/include' '-pthread' '-I' '/home/alex/anaconda2/lib' '-L/home/alex/anaconda2/lib' '-shared-libgcc' '-specs=/home/alex/anaconda2/lib/libgfortran.spec' '-mtune=generic' '-march=x86-64'
 /home/alex/anaconda2/bin/../libexec/gcc/x86_64-unknown-linux-gnu/4.8.5/collect2 --eh-frame-hdr -m elf_x86_64 -dynamic-linker /lib64/ld-linux-x86-64.so.2 /home/alex/anaconda2/bin/../lib/gcc/x86_64-unknown-linux-gnu/4.8.5/crt1.o /home/alex/anaconda2/bin/../lib/gcc/x86_64-unknown-linux-gnu/4.8.5/crti.o /home/alex/anaconda2/bin/../lib/gcc/x86_64-unknown-linux-gnu/4.8.5/crtbegin.o -L/home/alex/anaconda2/lib -L/home/alex/anaconda2/bin/../lib/gcc/x86_64-unknown-linux-gnu/4.8.5 -L/home/alex/anaconda2/bin/../lib/gcc -L/home/alex/anaconda2/bin/../lib/gcc/x86_64-unknown-linux-gnu/4.8.5/../../../../lib -L/lib/../lib -L/usr/lib/../lib -L/home/alex/anaconda2/bin/../lib/gcc/x86_64-unknown-linux-gnu/4.8.5/../../.. /tmp/ccjabEY5.o -rpath /home/alex/anaconda2/lib --enable-new-dtags -lmpi_usempi -lmpi_mpifh -lmpi -lgfortran -lm -lgcc_s -lgcc -lquadmath -lm -lgcc_s -lgcc -lpthread -lc -lgcc_s -lgcc /home/alex/anaconda2/bin/../lib/gcc/x86_64-unknown-linux-gnu/4.8.5/crtend.o /home/alex/anaconda2/bin/../lib/gcc/x86_64-unknown-linux-gnu/4.8.5/crtn.o


Compilation of the Fortran compiler identification source "CMakeFortranCompilerId.F" produced "a.out"

The Fortran compiler identification is GNU, found in "/home/alex/Desktop/phd/axisem3d_alex/AxiSEM3D/build/CMakeFiles/3.5.1/CompilerIdFortran/a.out"

Determining if the Fortran compiler works passed with the following output:
Change Dir: /home/alex/Desktop/phd/axisem3d_alex/AxiSEM3D/build/CMakeFiles/CMakeTmp

Run Build Command:"/usr/bin/make" "cmTC_47059/fast"
/usr/bin/make -f CMakeFiles/cmTC_47059.dir/build.make CMakeFiles/cmTC_47059.dir/build
make[1]: Entering directory '/home/alex/Desktop/phd/axisem3d_alex/AxiSEM3D/build/CMakeFiles/CMakeTmp'
Building Fortran object CMakeFiles/cmTC_47059.dir/testFortranCompiler.f.o
/home/alex/anaconda2/bin/mpif90     -c /home/alex/Desktop/phd/axisem3d_alex/AxiSEM3D/build/CMakeFiles/CMakeTmp/testFortranCompiler.f -o CMakeFiles/cmTC_47059.dir/testFortranCompiler.f.o
Linking Fortran executable cmTC_47059
/usr/bin/cmake -E cmake_link_script CMakeFiles/cmTC_47059.dir/link.txt --verbose=1
/home/alex/anaconda2/bin/mpif90       CMakeFiles/cmTC_47059.dir/testFortranCompiler.f.o  -o cmTC_47059  
make[1]: Leaving directory '/home/alex/Desktop/phd/axisem3d_alex/AxiSEM3D/build/CMakeFiles/CMakeTmp'


Detecting Fortran compiler ABI info compiled with the following output:
Change Dir: /home/alex/Desktop/phd/axisem3d_alex/AxiSEM3D/build/CMakeFiles/CMakeTmp

Run Build Command:"/usr/bin/make" "cmTC_3f8dc/fast"
/usr/bin/make -f CMakeFiles/cmTC_3f8dc.dir/build.make CMakeFiles/cmTC_3f8dc.dir/build
make[1]: Entering directory '/home/alex/Desktop/phd/axisem3d_alex/AxiSEM3D/build/CMakeFiles/CMakeTmp'
Building Fortran object CMakeFiles/cmTC_3f8dc.dir/CMakeFortranCompilerABI.F.o
/home/alex/anaconda2/bin/mpif90     -c /usr/share/cmake-3.5/Modules/CMakeFortranCompilerABI.F -o CMakeFiles/cmTC_3f8dc.dir/CMakeFortranCompilerABI.F.o
Linking Fortran executable cmTC_3f8dc
/usr/bin/cmake -E cmake_link_script CMakeFiles/cmTC_3f8dc.dir/link.txt --verbose=1
/home/alex/anaconda2/bin/mpif90    -v   CMakeFiles/cmTC_3f8dc.dir/CMakeFortranCompilerABI.F.o  -o cmTC_3f8dc   
Driving: /home/alex/anaconda2/bin/gfortran -v CMakeFiles/cmTC_3f8dc.dir/CMakeFortranCompilerABI.F.o -o cmTC_3f8dc -I/home/alex/anaconda2/include -pthread -I/home/alex/anaconda2/lib -Wl,-rpath -Wl,/home/alex/anaconda2/lib -Wl,--enable-new-dtags -L/home/alex/anaconda2/lib -lmpi_usempi -lmpi_mpifh -lmpi -l gfortran -l m -shared-libgcc -specs=/home/alex/anaconda2/lib/libgfortran.spec
Reading specs from /home/alex/anaconda2/bin/../lib/gcc/x86_64-unknown-linux-gnu/4.8.5/specs
Reading specs from /home/alex/anaconda2/lib/libgfortran.spec
rename spec lib to liborig
COLLECT_GCC=/home/alex/anaconda2/bin/gfortran
COLLECT_LTO_WRAPPER=/home/alex/anaconda2/bin/../libexec/gcc/x86_64-unknown-linux-gnu/4.8.5/lto-wrapper
Target: x86_64-unknown-linux-gnu
Configured with: ./configure --prefix=/home/ray/mc-x64-2.7/conda-bld/gcc_1479223211463/_b_env_placehold_placehold_placehold_placehold_placehold_placehold_placehold_placehold_placehold_placehold_placehold_placehold_placehold_placehold_placehold_placehold_placehold_placehold_placehold_placehold --with-gxx-include-dir=/home/ray/mc-x64-2.7/conda-bld/gcc_1479223211463/_b_env_placehold_placehold_placehold_placehold_placehold_placehold_placehold_placehold_placehold_placehold_placehold_placehold_placehold_placehold_placehold_placehold_placehold_placehold_placehold_placehold/gcc/include/c++ --bindir=/home/ray/mc-x64-2.7/conda-bld/gcc_1479223211463/_b_env_placehold_placehold_placehold_placehold_placehold_placehold_placehold_placehold_placehold_placehold_placehold_placehold_placehold_placehold_placehold_placehold_placehold_placehold_placehold_placehold/bin --datarootdir=/home/ray/mc-x64-2.7/conda-bld/gcc_1479223211463/_b_env_placehold_placehold_placehold_placehold_placehold_placehold_placehold_placehold_placehold_placehold_placehold_placehold_placehold_placehold_placehold_placehold_placehold_placehold_placehold_placehold/share --libdir=/home/ray/mc-x64-2.7/conda-bld/gcc_1479223211463/_b_env_placehold_placehold_placehold_placehold_placehold_placehold_placehold_placehold_placehold_placehold_placehold_placehold_placehold_placehold_placehold_placehold_placehold_placehold_placehold_placehold/lib --with-gmp=/home/ray/mc-x64-2.7/conda-bld/gcc_1479223211463/_b_env_placehold_placehold_placehold_placehold_placehold_placehold_placehold_placehold_placehold_placehold_placehold_placehold_placehold_placehold_placehold_placehold_placehold_placehold_placehold_placehold --with-mpfr=/home/ray/mc-x64-2.7/conda-bld/gcc_1479223211463/_b_env_placehold_placehold_placehold_placehold_placehold_placehold_placehold_placehold_placehold_placehold_placehold_placehold_placehold_placehold_placehold_placehold_placehold_placehold_placehold_placehold --with-mpc=/home/ray/mc-x64-2.7/conda-bld/gcc_1479223211463/_b_env_placehold_placehold_placehold_placehold_placehold_placehold_placehold_placehold_placehold_placehold_placehold_placehold_placehold_placehold_placehold_placehold_placehold_placehold_placehold_placehold --with-isl=/home/ray/mc-x64-2.7/conda-bld/gcc_1479223211463/_b_env_placehold_placehold_placehold_placehold_placehold_placehold_placehold_placehold_placehold_placehold_placehold_placehold_placehold_placehold_placehold_placehold_placehold_placehold_placehold_placehold --with-cloog=/home/ray/mc-x64-2.7/conda-bld/gcc_1479223211463/_b_env_placehold_placehold_placehold_placehold_placehold_placehold_placehold_placehold_placehold_placehold_placehold_placehold_placehold_placehold_placehold_placehold_placehold_placehold_placehold_placehold --enable-checking=release --with-tune=generic --disable-multilib
Thread model: posix
gcc version 4.8.5 (GCC) 
COMPILER_PATH=/home/alex/anaconda2/bin/../libexec/gcc/x86_64-unknown-linux-gnu/4.8.5/:/home/alex/anaconda2/bin/../libexec/gcc/
LIBRARY_PATH=/home/alex/anaconda2/bin/../lib/gcc/x86_64-unknown-linux-gnu/4.8.5/:/home/alex/anaconda2/bin/../lib/gcc/:/home/alex/anaconda2/bin/../lib/gcc/x86_64-unknown-linux-gnu/4.8.5/../../../../lib/:/lib/../lib/:/usr/lib/../lib/:/home/alex/anaconda2/bin/../lib/gcc/x86_64-unknown-linux-gnu/4.8.5/../../../:/lib/:/usr/lib/
COLLECT_GCC_OPTIONS='-v' '-o' 'cmTC_3f8dc' '-I' '/home/alex/anaconda2/include' '-pthread' '-I' '/home/alex/anaconda2/lib' '-L/home/alex/anaconda2/lib' '-shared-libgcc' '-specs=/home/alex/anaconda2/lib/libgfortran.spec' '-mtune=generic' '-march=x86-64'
 /home/alex/anaconda2/bin/../libexec/gcc/x86_64-unknown-linux-gnu/4.8.5/collect2 --eh-frame-hdr -m elf_x86_64 -dynamic-linker /lib64/ld-linux-x86-64.so.2 -o cmTC_3f8dc /home/alex/anaconda2/bin/../lib/gcc/x86_64-unknown-linux-gnu/4.8.5/crt1.o /home/alex/anaconda2/bin/../lib/gcc/x86_64-unknown-linux-gnu/4.8.5/crti.o /home/alex/anaconda2/bin/../lib/gcc/x86_64-unknown-linux-gnu/4.8.5/crtbegin.o -L/home/alex/anaconda2/lib -L/home/alex/anaconda2/bin/../lib/gcc/x86_64-unknown-linux-gnu/4.8.5 -L/home/alex/anaconda2/bin/../lib/gcc -L/home/alex/anaconda2/bin/../lib/gcc/x86_64-unknown-linux-gnu/4.8.5/../../../../lib -L/lib/../lib -L/usr/lib/../lib -L/home/alex/anaconda2/bin/../lib/gcc/x86_64-unknown-linux-gnu/4.8.5/../../.. CMakeFiles/cmTC_3f8dc.dir/CMakeFortranCompilerABI.F.o -rpath /home/alex/anaconda2/lib --enable-new-dtags -lmpi_usempi -lmpi_mpifh -lmpi -lgfortran -lm -lgcc_s -lgcc -lquadmath -lm -lgcc_s -lgcc -lpthread -lc -lgcc_s -lgcc /home/alex/anaconda2/bin/../lib/gcc/x86_64-unknown-linux-gnu/4.8.5/crtend.o /home/alex/anaconda2/bin/../lib/gcc/x86_64-unknown-linux-gnu/4.8.5/crtn.o
make[1]: Leaving directory '/home/alex/Desktop/phd/axisem3d_alex/AxiSEM3D/build/CMakeFiles/CMakeTmp'


Parsed Fortran implicit link information from above output:
  link line regex: [^( *|.*[/\])(ld|([^/\]+-)?ld|collect2)[^/\]*( |$)]
  ignore line: [Change Dir: /home/alex/Desktop/phd/axisem3d_alex/AxiSEM3D/build/CMakeFiles/CMakeTmp]
  ignore line: []
  ignore line: [Run Build Command:"/usr/bin/make" "cmTC_3f8dc/fast"]
  ignore line: [/usr/bin/make -f CMakeFiles/cmTC_3f8dc.dir/build.make CMakeFiles/cmTC_3f8dc.dir/build]
  ignore line: [make[1]: Entering directory '/home/alex/Desktop/phd/axisem3d_alex/AxiSEM3D/build/CMakeFiles/CMakeTmp']
  ignore line: [Building Fortran object CMakeFiles/cmTC_3f8dc.dir/CMakeFortranCompilerABI.F.o]
  ignore line: [/home/alex/anaconda2/bin/mpif90     -c /usr/share/cmake-3.5/Modules/CMakeFortranCompilerABI.F -o CMakeFiles/cmTC_3f8dc.dir/CMakeFortranCompilerABI.F.o]
  ignore line: [Linking Fortran executable cmTC_3f8dc]
  ignore line: [/usr/bin/cmake -E cmake_link_script CMakeFiles/cmTC_3f8dc.dir/link.txt --verbose=1]
  ignore line: [/home/alex/anaconda2/bin/mpif90    -v   CMakeFiles/cmTC_3f8dc.dir/CMakeFortranCompilerABI.F.o  -o cmTC_3f8dc   ]
  ignore line: [Driving: /home/alex/anaconda2/bin/gfortran -v CMakeFiles/cmTC_3f8dc.dir/CMakeFortranCompilerABI.F.o -o cmTC_3f8dc -I/home/alex/anaconda2/include -pthread -I/home/alex/anaconda2/lib -Wl,-rpath -Wl,/home/alex/anaconda2/lib -Wl,--enable-new-dtags -L/home/alex/anaconda2/lib -lmpi_usempi -lmpi_mpifh -lmpi -l gfortran -l m -shared-libgcc -specs=/home/alex/anaconda2/lib/libgfortran.spec]
  ignore line: [Reading specs from /home/alex/anaconda2/bin/../lib/gcc/x86_64-unknown-linux-gnu/4.8.5/specs]
  ignore line: [Reading specs from /home/alex/anaconda2/lib/libgfortran.spec]
  ignore line: [rename spec lib to liborig]
  ignore line: [COLLECT_GCC=/home/alex/anaconda2/bin/gfortran]
  ignore line: [COLLECT_LTO_WRAPPER=/home/alex/anaconda2/bin/../libexec/gcc/x86_64-unknown-linux-gnu/4.8.5/lto-wrapper]
  ignore line: [Target: x86_64-unknown-linux-gnu]
  ignore line: [Configured with: ./configure --prefix=/home/ray/mc-x64-2.7/conda-bld/gcc_1479223211463/_b_env_placehold_placehold_placehold_placehold_placehold_placehold_placehold_placehold_placehold_placehold_placehold_placehold_placehold_placehold_placehold_placehold_placehold_placehold_placehold_placehold --with-gxx-include-dir=/home/ray/mc-x64-2.7/conda-bld/gcc_1479223211463/_b_env_placehold_placehold_placehold_placehold_placehold_placehold_placehold_placehold_placehold_placehold_placehold_placehold_placehold_placehold_placehold_placehold_placehold_placehold_placehold_placehold/gcc/include/c++ --bindir=/home/ray/mc-x64-2.7/conda-bld/gcc_1479223211463/_b_env_placehold_placehold_placehold_placehold_placehold_placehold_placehold_placehold_placehold_placehold_placehold_placehold_placehold_placehold_placehold_placehold_placehold_placehold_placehold_placehold/bin --datarootdir=/home/ray/mc-x64-2.7/conda-bld/gcc_1479223211463/_b_env_placehold_placehold_placehold_placehold_placehold_placehold_placehold_placehold_placehold_placehold_placehold_placehold_placehold_placehold_placehold_placehold_placehold_placehold_placehold_placehold/share --libdir=/home/ray/mc-x64-2.7/conda-bld/gcc_1479223211463/_b_env_placehold_placehold_placehold_placehold_placehold_placehold_placehold_placehold_placehold_placehold_placehold_placehold_placehold_placehold_placehold_placehold_placehold_placehold_placehold_placehold/lib --with-gmp=/home/ray/mc-x64-2.7/conda-bld/gcc_1479223211463/_b_env_placehold_placehold_placehold_placehold_placehold_placehold_placehold_placehold_placehold_placehold_placehold_placehold_placehold_placehold_placehold_placehold_placehold_placehold_placehold_placehold --with-mpfr=/home/ray/mc-x64-2.7/conda-bld/gcc_1479223211463/_b_env_placehold_placehold_placehold_placehold_placehold_placehold_placehold_placehold_placehold_placehold_placehold_placehold_placehold_placehold_placehold_placehold_placehold_placehold_placehold_placehold --with-mpc=/home/ray/mc-x64-2.7/conda-bld/gcc_1479223211463/_b_env_placehold_placehold_placehold_placehold_placehold_placehold_placehold_placehold_placehold_placehold_placehold_placehold_placehold_placehold_placehold_placehold_placehold_placehold_placehold_placehold --with-isl=/home/ray/mc-x64-2.7/conda-bld/gcc_1479223211463/_b_env_placehold_placehold_placehold_placehold_placehold_placehold_placehold_placehold_placehold_placehold_placehold_placehold_placehold_placehold_placehold_placehold_placehold_placehold_placehold_placehold --with-cloog=/home/ray/mc-x64-2.7/conda-bld/gcc_1479223211463/_b_env_placehold_placehold_placehold_placehold_placehold_placehold_placehold_placehold_placehold_placehold_placehold_placehold_placehold_placehold_placehold_placehold_placehold_placehold_placehold_placehold --enable-checking=release --with-tune=generic --disable-multilib]
  ignore line: [Thread model: posix]
  ignore line: [gcc version 4.8.5 (GCC) ]
  ignore line: [COMPILER_PATH=/home/alex/anaconda2/bin/../libexec/gcc/x86_64-unknown-linux-gnu/4.8.5/:/home/alex/anaconda2/bin/../libexec/gcc/]
  ignore line: [LIBRARY_PATH=/home/alex/anaconda2/bin/../lib/gcc/x86_64-unknown-linux-gnu/4.8.5/:/home/alex/anaconda2/bin/../lib/gcc/:/home/alex/anaconda2/bin/../lib/gcc/x86_64-unknown-linux-gnu/4.8.5/../../../../lib/:/lib/../lib/:/usr/lib/../lib/:/home/alex/anaconda2/bin/../lib/gcc/x86_64-unknown-linux-gnu/4.8.5/../../../:/lib/:/usr/lib/]
  ignore line: [COLLECT_GCC_OPTIONS='-v' '-o' 'cmTC_3f8dc' '-I' '/home/alex/anaconda2/include' '-pthread' '-I' '/home/alex/anaconda2/lib' '-L/home/alex/anaconda2/lib' '-shared-libgcc' '-specs=/home/alex/anaconda2/lib/libgfortran.spec' '-mtune=generic' '-march=x86-64']
  link line: [ /home/alex/anaconda2/bin/../libexec/gcc/x86_64-unknown-linux-gnu/4.8.5/collect2 --eh-frame-hdr -m elf_x86_64 -dynamic-linker /lib64/ld-linux-x86-64.so.2 -o cmTC_3f8dc /home/alex/anaconda2/bin/../lib/gcc/x86_64-unknown-linux-gnu/4.8.5/crt1.o /home/alex/anaconda2/bin/../lib/gcc/x86_64-unknown-linux-gnu/4.8.5/crti.o /home/alex/anaconda2/bin/../lib/gcc/x86_64-unknown-linux-gnu/4.8.5/crtbegin.o -L/home/alex/anaconda2/lib -L/home/alex/anaconda2/bin/../lib/gcc/x86_64-unknown-linux-gnu/4.8.5 -L/home/alex/anaconda2/bin/../lib/gcc -L/home/alex/anaconda2/bin/../lib/gcc/x86_64-unknown-linux-gnu/4.8.5/../../../../lib -L/lib/../lib -L/usr/lib/../lib -L/home/alex/anaconda2/bin/../lib/gcc/x86_64-unknown-linux-gnu/4.8.5/../../.. CMakeFiles/cmTC_3f8dc.dir/CMakeFortranCompilerABI.F.o -rpath /home/alex/anaconda2/lib --enable-new-dtags -lmpi_usempi -lmpi_mpifh -lmpi -lgfortran -lm -lgcc_s -lgcc -lquadmath -lm -lgcc_s -lgcc -lpthread -lc -lgcc_s -lgcc /home/alex/anaconda2/bin/../lib/gcc/x86_64-unknown-linux-gnu/4.8.5/crtend.o /home/alex/anaconda2/bin/../lib/gcc/x86_64-unknown-linux-gnu/4.8.5/crtn.o]
    arg [/home/alex/anaconda2/bin/../libexec/gcc/x86_64-unknown-linux-gnu/4.8.5/collect2] ==> ignore
    arg [--eh-frame-hdr] ==> ignore
    arg [-m] ==> ignore
    arg [elf_x86_64] ==> ignore
    arg [-dynamic-linker] ==> ignore
    arg [/lib64/ld-linux-x86-64.so.2] ==> ignore
    arg [-o] ==> ignore
    arg [cmTC_3f8dc] ==> ignore
    arg [/home/alex/anaconda2/bin/../lib/gcc/x86_64-unknown-linux-gnu/4.8.5/crt1.o] ==> ignore
    arg [/home/alex/anaconda2/bin/../lib/gcc/x86_64-unknown-linux-gnu/4.8.5/crti.o] ==> ignore
    arg [/home/alex/anaconda2/bin/../lib/gcc/x86_64-unknown-linux-gnu/4.8.5/crtbegin.o] ==> ignore
    arg [-L/home/alex/anaconda2/lib] ==> dir [/home/alex/anaconda2/lib]
    arg [-L/home/alex/anaconda2/bin/../lib/gcc/x86_64-unknown-linux-gnu/4.8.5] ==> dir [/home/alex/anaconda2/bin/../lib/gcc/x86_64-unknown-linux-gnu/4.8.5]
    arg [-L/home/alex/anaconda2/bin/../lib/gcc] ==> dir [/home/alex/anaconda2/bin/../lib/gcc]
    arg [-L/home/alex/anaconda2/bin/../lib/gcc/x86_64-unknown-linux-gnu/4.8.5/../../../../lib] ==> dir [/home/alex/anaconda2/bin/../lib/gcc/x86_64-unknown-linux-gnu/4.8.5/../../../../lib]
    arg [-L/lib/../lib] ==> dir [/lib/../lib]
    arg [-L/usr/lib/../lib] ==> dir [/usr/lib/../lib]
    arg [-L/home/alex/anaconda2/bin/../lib/gcc/x86_64-unknown-linux-gnu/4.8.5/../../..] ==> dir [/home/alex/anaconda2/bin/../lib/gcc/x86_64-unknown-linux-gnu/4.8.5/../../..]
    arg [CMakeFiles/cmTC_3f8dc.dir/CMakeFortranCompilerABI.F.o] ==> ignore
    arg [-rpath] ==> ignore
    arg [/home/alex/anaconda2/lib] ==> ignore
    arg [--enable-new-dtags] ==> ignore
    arg [-lmpi_usempi] ==> lib [mpi_usempi]
    arg [-lmpi_mpifh] ==> lib [mpi_mpifh]
    arg [-lmpi] ==> lib [mpi]
    arg [-lgfortran] ==> lib [gfortran]
    arg [-lm] ==> lib [m]
    arg [-lgcc_s] ==> lib [gcc_s]
    arg [-lgcc] ==> lib [gcc]
    arg [-lquadmath] ==> lib [quadmath]
    arg [-lm] ==> lib [m]
    arg [-lgcc_s] ==> lib [gcc_s]
    arg [-lgcc] ==> lib [gcc]
    arg [-lpthread] ==> lib [pthread]
    arg [-lc] ==> lib [c]
    arg [-lgcc_s] ==> lib [gcc_s]
    arg [-lgcc] ==> lib [gcc]
    arg [/home/alex/anaconda2/bin/../lib/gcc/x86_64-unknown-linux-gnu/4.8.5/crtend.o] ==> ignore
    arg [/home/alex/anaconda2/bin/../lib/gcc/x86_64-unknown-linux-gnu/4.8.5/crtn.o] ==> ignore
  remove lib [gcc_s]
  remove lib [gcc]
  remove lib [gcc_s]
  remove lib [gcc]
  remove lib [gcc_s]
  remove lib [gcc]
  collapse library dir [/home/alex/anaconda2/lib] ==> [/home/alex/anaconda2/lib]
  collapse library dir [/home/alex/anaconda2/bin/../lib/gcc/x86_64-unknown-linux-gnu/4.8.5] ==> [/home/alex/anaconda2/lib/gcc/x86_64-unknown-linux-gnu/4.8.5]
  collapse library dir [/home/alex/anaconda2/bin/../lib/gcc] ==> [/home/alex/anaconda2/lib/gcc]
  collapse library dir [/home/alex/anaconda2/bin/../lib/gcc/x86_64-unknown-linux-gnu/4.8.5/../../../../lib] ==> [/home/alex/anaconda2/lib]
  collapse library dir [/lib/../lib] ==> [/lib]
  collapse library dir [/usr/lib/../lib] ==> [/usr/lib]
  collapse library dir [/home/alex/anaconda2/bin/../lib/gcc/x86_64-unknown-linux-gnu/4.8.5/../../..] ==> [/home/alex/anaconda2/lib]
  implicit libs: [mpi_usempi;mpi_mpifh;mpi;gfortran;m;quadmath;m;pthread;c]
  implicit dirs: [/home/alex/anaconda2/lib;/home/alex/anaconda2/lib/gcc/x86_64-unknown-linux-gnu/4.8.5;/home/alex/anaconda2/lib/gcc;/lib;/usr/lib]
  implicit fwks: []


Determining if the Fortran compiler supports Fortran 90 passed with the following output:
Change Dir: /home/alex/Desktop/phd/axisem3d_alex/AxiSEM3D/build/CMakeFiles/CMakeTmp

Run Build Command:"/usr/bin/make" "cmTC_b16ab/fast"
/usr/bin/make -f CMakeFiles/cmTC_b16ab.dir/build.make CMakeFiles/cmTC_b16ab.dir/build
make[1]: Entering directory '/home/alex/Desktop/phd/axisem3d_alex/AxiSEM3D/build/CMakeFiles/CMakeTmp'
Building Fortran object CMakeFiles/cmTC_b16ab.dir/testFortranCompilerF90.f90.o
/home/alex/anaconda2/bin/mpif90     -c /home/alex/Desktop/phd/axisem3d_alex/AxiSEM3D/build/CMakeFiles/CMakeTmp/testFortranCompilerF90.f90 -o CMakeFiles/cmTC_b16ab.dir/testFortranCompilerF90.f90.o
Linking Fortran executable cmTC_b16ab
/usr/bin/cmake -E cmake_link_script CMakeFiles/cmTC_b16ab.dir/link.txt --verbose=1
/home/alex/anaconda2/bin/mpif90       CMakeFiles/cmTC_b16ab.dir/testFortranCompilerF90.f90.o  -o cmTC_b16ab  
make[1]: Leaving directory '/home/alex/Desktop/phd/axisem3d_alex/AxiSEM3D/build/CMakeFiles/CMakeTmp'


